0 20
1 45
2 7
3 43
4 48
5 24
6 42
7 15
8 36
9 3
10 8
11 18
12 39
13 5
14 26
15 30
16 10
17 6
18 32
19 9
20 11
21 31
22 14
23 17
24 47
25 22
26 21
27 0
28 29
29 25
30 16
31 19
32 37
33 27
34 40
35 46
36 34
37 28
38 4
39 33
40 2
41 12
42 49
43 1
44 44
45 13
46 23
47 41
48 35
49 38
50 0
51 0
52 0
53 0
54 0
55 0
56 0
57 0
58 0
59 0
60 0
61 0
62 0
63 0
64 0
65 0
66 0
67 0
68 0
69 0
70 0
71 0
72 0
73 0
74 0
75 0
76 0
77 0
78 0
79 0
80 0
81 0
82 0
83 0
84 0
85 0
86 0
87 0
88 0
89 0
90 0
91 0
92 0
93 0
94 0
95 0
96 0
97 0
98 0