0 40
1 13
2 5
3 25
4 23
5 19
6 34
7 37
8 1
9 11
10 26
11 48
12 42
13 6
14 0
15 7
16 15
17 28
18 41
19 43
20 4
21 44
22 33
23 8
24 38
25 31
26 35
27 16
28 39
29 18
30 24
31 45
32 30
33 47
34 49
35 9
36 32
37 14
38 10
39 27
40 29
41 46
42 2
43 12
44 17
45 36
46 20
47 21
48 3
49 22
50 0
51 0
52 0
53 0
54 0
55 0
56 0
57 0
58 0
59 0
60 0
61 0
62 0
63 0
64 0
65 0
66 0
67 0
68 0
69 0
70 0
71 0
72 0
73 0
74 0
75 0
76 0
77 0
78 0
79 0
80 0
81 0
82 0
83 0
84 0
85 0
86 0
87 0
88 0
89 00 23
1 6
2 46
3 19
4 32
5 43
6 14
7 47
8 18
9 20
10 40
11 17
12 12
13 11
14 2
15 0
16 28
17 42
18 8
19 33
20 49
21 41
22 22
23 9
24 27
25 7
26 26
27 38
28 29
29 1
30 13
31 10
32 21
33 37
34 36
35 16
36 3
37 48
38 5
39 31
40 44
41 45
42 24
43 25
44 39
45 4
46 15
47 30
48 34
49 35
50 0
51 0
52 0
53 0
54 0
55 0
56 0
57 0
58 0
59 0
60 0
61 0
62 0
63 0
64 0
65 0
66 0
67 0
68 0
69 0
70 0
71 0
72 0
73 0
74 0
75 0
76 0
77 0
78 0
79 0
80 0
81 0
82 0
83 0
84 0
85 0
86 0
87 0
88 0
89 00 3
1 45
2 40
3 6
4 14
5 16
6 37
7 39
8 21
9 38
10 22
11 20
12 19
13 31
14 13
15 9
16 30
17 17
18 0
19 47
20 28
21 46
22 42
23 41
24 12
25 34
26 43
27 10
28 36
29 32
30 49
31 48
32 35
33 15
34 7
35 33
36 24
37 25
38 8
39 2
40 5
41 26
42 23
43 29
44 44
45 4
46 18
47 11
48 27
49 1
50 0
51 0
52 0
53 0
54 0
55 0
56 0
57 0
58 0
59 0
60 0
61 0
62 0
63 0
64 0
65 0
66 0
67 0
68 0
69 0
70 0
71 0
72 0
73 0
74 0
75 0
76 0
77 0
78 0
79 0
80 0
81 0
82 0
83 0
84 0
85 0
86 0
87 0
88 0
89 00 26
1 31
2 42
3 6
4 4
5 32
6 9
7 40
8 28
9 30
10 19
11 36
12 21
13 49
14 0
15 47
16 27
17 22
18 24
19 48
20 33
21 35
22 41
23 14
24 23
25 13
26 12
27 34
28 25
29 44
30 15
31 2
32 18
33 20
34 17
35 5
36 39
37 8
38 38
39 46
40 29
41 1
42 7
43 10
44 16
45 11
46 45
47 37
48 3
49 43
50 0
51 0
52 0
53 0
54 0
55 0
56 0
57 0
58 0
59 0
60 0
61 0
62 0
63 0
64 0
65 0
66 0
67 0
68 0
69 0
70 0
71 0
72 0
73 0
74 0
75 0
76 0
77 0
78 0
79 0
80 0
81 0
82 0
83 0
84 0
85 0
86 0
87 0
88 0
89 0