0 28
1 33
2 7
3 6
4 18
5 17
6 13
7 23
8 5
9 37
10 44
11 25
12 35
13 29
14 38
15 43
16 26
17 41
18 40
19 3
20 8
21 21
22 48
23 42
24 2
25 15
26 32
27 36
28 0
29 45
30 19
31 12
32 4
33 9
34 46
35 39
36 49
37 14
38 31
39 16
40 10
41 47
42 20
43 34
44 24
45 1
46 30
47 22
48 11
49 27
50 0
51 0
52 0
53 0
54 0
55 0
56 0
57 0
58 0
59 0
60 0
61 0
62 0
63 0
64 0
65 0
66 0
67 0
68 0
69 0
70 0
71 0
72 0
73 0
74 0
75 0
76 0
77 0
78 0
79 0
80 0
81 0
82 0
83 0
84 0
85 0
86 0
87 0
88 0
89 0
90 0
91 0
92 0
93 0
94 0
95 0
96 0
97 0
98 0