0 0
1 5
2 12
3 33
4 9
5 10
6 18
7 6
8 14
9 41
10 2
11 8
12 11
13 27
14 30
15 24
16 37
17 21
18 45
19 7
20 29
21 3
22 19
23 36
24 17
25 48
26 16
27 28
28 42
29 13
30 20
31 38
32 25
33 46
34 47
35 15
36 26
37 34
38 44
39 49
40 39
41 1
42 4
43 35
44 22
45 32
46 40
47 23
48 31
49 43
50 0
51 0
52 0
53 0
54 0
55 0
56 0
57 0
58 0
59 0
60 0
61 0
62 0
63 0
64 0
65 0
66 0
67 0
68 0
69 0
70 0
71 0
72 0
73 0
74 0
75 0
76 0
77 0
78 0
79 0
80 0
81 0
82 0
83 0
84 0
85 0
86 0
87 0
88 0
89 0
90 0
91 0
92 0
93 0
94 0
95 0
96 0