0 10
1 22
2 30
3 48
4 35
5 27
6 7
7 46
8 28
9 40
10 43
11 32
12 18
13 21
14 5
15 11
16 39
17 17
18 42
19 12
20 31
21 1
22 9
23 0
24 19
25 4
26 15
27 36
28 33
29 29
30 2
31 37
32 47
33 41
34 34
35 20
36 38
37 26
38 25
39 24
40 16
41 45
42 6
43 49
44 8
45 13
46 23
47 3
48 44
49 14
50 0
51 0
52 0
53 0
54 0
55 0
56 0
57 0
58 0
59 0
60 0
61 0
62 0
63 0
64 0
65 0
66 0
67 0
68 0
69 0
70 0
71 0
72 0
73 0
74 0
75 0
76 0
77 0
78 0
79 0
80 0
81 0
82 0
83 0
84 0
85 0
86 0
87 0
88 0
89 0
90 0
91 0
92 0
93 0
94 0
95 0
96 0
97 0
98 0