0 16
1 31
2 3
3 24
4 5
5 6
6 19
7 10
8 20
9 25
10 8
11 22
12 18
13 13
14 14
15 17
16 21
17 11
18 7
19 9
20 1
21 2
22 4
23 30
24 27
25 23
26 12
27 0
28 15
29 28
30 26
31 290 7
1 4
2 20
3 25
4 13
5 6
6 22
7 16
8 14
9 1
10 10
11 29
12 21
13 0
14 5
15 17
16 12
17 15
18 30
19 31
20 8
21 3
22 28
23 19
24 26
25 9
26 11
27 2
28 27
29 23
30 18
31 240 17
1 31
2 16
3 14
4 18
5 12
6 28
7 23
8 2
9 21
10 19
11 30
12 29
13 9
14 22
15 27
16 5
17 8
18 4
19 0
20 20
21 10
22 26
23 11
24 15
25 24
26 6
27 13
28 1
29 25
30 7
31 30 23
1 7
2 9
3 0
4 16
5 2
6 20
7 31
8 11
9 12
10 14
11 30
12 15
13 21
14 13
15 19
16 22
17 8
18 18
19 4
20 17
21 3
22 26
23 5
24 25
25 24
26 10
27 27
28 1
29 6
30 28
31 29