0 38
1 37
2 2
3 14
4 6
5 35
6 26
7 8
8 22
9 39
10 44
11 5
12 31
13 10
14 11
15 20
16 43
17 32
18 4
19 25
20 3
21 30
22 46
23 40
24 18
25 41
26 29
27 42
28 28
29 34
30 45
31 17
32 0
33 16
34 27
35 33
36 15
37 7
38 49
39 23
40 24
41 48
42 47
43 36
44 21
45 1
46 19
47 9
48 13
49 12
50 0
51 0
52 0
53 0
54 0
55 0
56 0
57 0
58 0
59 0
60 0
61 0
62 0
63 0
64 0
65 0
66 0
67 0
68 0
69 0
70 0
71 0
72 0
73 0
74 0
75 0
76 0
77 0
78 0
79 0
80 0
81 0
82 0
83 0
84 0
85 0
86 0
87 0
88 0
89 0
90 0
91 0
92 0
93 0
94 0
95 0
96 0
97 0
98 0