0 2
1 9
2 46
3 7
4 23
5 40
6 5
7 41
8 18
9 37
10 44
11 6
12 32
13 26
14 14
15 24
16 30
17 48
18 20
19 49
20 36
21 16
22 47
23 29
24 34
25 33
26 22
27 21
28 39
29 38
30 17
31 31
32 13
33 27
34 43
35 10
36 25
37 8
38 42
39 28
40 4
41 12
42 35
43 11
44 1
45 19
46 15
47 0
48 45
49 3
50 0
51 0
52 0
53 0
54 0
55 0
56 0
57 0
58 0
59 0
60 0
61 0
62 0
63 0
64 0
65 0
66 0
67 0
68 0
69 0
70 0
71 0
72 0
73 0
74 0
75 0
76 0
77 0
78 0
79 0
80 0
81 0
82 0
83 0
84 0
85 0
86 0
87 0
88 0
89 0
90 0
91 0
92 0
93 0
94 0
95 0
96 0
97 0
98 00 32
1 17
2 47
3 40
4 30
5 36
6 7
7 38
8 20
9 21
10 41
11 26
12 31
13 6
14 39
15 48
16 37
17 22
18 19
19 11
20 2
21 8
22 16
23 15
24 4
25 46
26 44
27 1
28 25
29 33
30 3
31 34
32 49
33 13
34 5
35 42
36 9
37 0
38 12
39 43
40 14
41 18
42 35
43 28
44 27
45 10
46 23
47 24
48 29
49 45
50 0
51 0
52 0
53 0
54 0
55 0
56 0
57 0
58 0
59 0
60 0
61 0
62 0
63 0
64 0
65 0
66 0
67 0
68 0
69 0
70 0
71 0
72 0
73 0
74 0
75 0
76 0
77 0
78 0
79 0
80 0
81 0
82 0
83 0
84 0
85 0
86 0
87 0
88 0
89 0
90 0
91 0
92 0
93 0
94 0
95 0
96 0
97 0
98 00 31
1 4
2 28
3 15
4 23
5 41
6 13
7 32
8 47
9 8
10 46
11 1
12 40
13 2
14 37
15 42
16 44
17 35
18 33
19 14
20 12
21 39
22 38
23 22
24 7
25 5
26 19
27 29
28 21
29 11
30 0
31 10
32 3
33 26
34 27
35 43
36 34
37 30
38 24
39 16
40 48
41 18
42 25
43 45
44 17
45 9
46 20
47 49
48 36
49 6
50 0
51 0
52 0
53 0
54 0
55 0
56 0
57 0
58 0
59 0
60 0
61 0
62 0
63 0
64 0
65 0
66 0
67 0
68 0
69 0
70 0
71 0
72 0
73 0
74 0
75 0
76 0
77 0
78 0
79 0
80 0
81 0
82 0
83 0
84 0
85 0
86 0
87 0
88 0
89 0
90 0
91 0
92 0
93 0
94 0
95 0
96 0
97 0
98 00 7
1 5
2 37
3 48
4 1
5 10
6 39
7 19
8 13
9 4
10 46
11 32
12 18
13 31
14 47
15 38
16 22
17 23
18 11
19 8
20 20
21 30
22 0
23 40
24 26
25 9
26 34
27 12
28 45
29 41
30 14
31 2
32 44
33 17
34 35
35 21
36 29
37 3
38 33
39 27
40 16
41 36
42 28
43 49
44 15
45 42
46 43
47 24
48 25
49 6
50 0
51 0
52 0
53 0
54 0
55 0
56 0
57 0
58 0
59 0
60 0
61 0
62 0
63 0
64 0
65 0
66 0
67 0
68 0
69 0
70 0
71 0
72 0
73 0
74 0
75 0
76 0
77 0
78 0
79 0
80 0
81 0
82 0
83 0
84 0
85 0
86 0
87 0
88 0
89 0
90 0
91 0
92 0
93 0
94 0
95 0
96 0
97 0
98 0