0 6
1 10
2 13
3 34
4 45
5 24
6 11
7 14
8 35
9 38
10 31
11 44
12 48
13 5
14 26
15 19
16 2
17 15
18 43
19 36
20 39
21 12
22 0
23 41
24 46
25 25
26 16
27 28
28 18
29 40
30 30
31 27
32 37
33 47
34 3
35 8
36 7
37 9
38 33
39 42
40 29
41 32
42 17
43 21
44 4
45 49
46 23
47 20
48 1
49 22
50 0
51 0
52 0
53 0
54 0
55 0
56 0
57 0
58 0
59 0
60 0
61 0
62 0
63 0
64 0
65 0
66 0
67 0
68 0
69 0
70 0
71 0
72 0
73 0
74 0
75 0
76 0
77 0
78 0
79 0
80 0
81 0
82 0
83 0
84 0
85 0
86 0
87 0
88 0
89 0
90 0
91 0
92 0
93 0
94 0
95 0
96 0
97 0
98 0