0 1
1 0
2 33
3 35
4 4
5 34
6 19
7 16
8 29
9 36
10 49
11 2
12 27
13 23
14 41
15 46
16 7
17 26
18 47
19 43
20 13
21 48
22 40
23 12
24 10
25 3
26 31
27 38
28 9
29 8
30 44
31 15
32 6
33 30
34 17
35 22
36 21
37 18
38 25
39 24
40 45
41 11
42 37
43 20
44 32
45 28
46 14
47 42
48 39
49 5
50 0
51 0
52 0
53 0
54 0
55 0
56 0
57 0
58 0
59 0
60 0
61 0
62 0
63 0
64 0
65 0
66 0
67 0
68 0
69 0
70 0
71 0
72 0
73 0
74 0
75 0
76 0
77 0
78 0
79 00 44
1 14
2 18
3 15
4 37
5 20
6 16
7 13
8 32
9 41
10 2
11 9
12 28
13 11
14 45
15 36
16 23
17 3
18 24
19 19
20 40
21 35
22 21
23 26
24 39
25 42
26 22
27 27
28 31
29 25
30 34
31 8
32 1
33 47
34 10
35 38
36 17
37 30
38 5
39 29
40 0
41 12
42 6
43 4
44 43
45 33
46 46
47 48
48 49
49 7
50 0
51 0
52 0
53 0
54 0
55 0
56 0
57 0
58 0
59 0
60 0
61 0
62 0
63 0
64 0
65 0
66 0
67 0
68 0
69 0
70 0
71 0
72 0
73 0
74 0
75 0
76 0
77 0
78 0
79 00 8
1 0
2 34
3 26
4 44
5 28
6 29
7 9
8 31
9 27
10 33
11 19
12 14
13 1
14 11
15 3
16 47
17 42
18 25
19 37
20 22
21 2
22 35
23 49
24 12
25 38
26 5
27 23
28 46
29 6
30 7
31 43
32 40
33 20
34 4
35 21
36 39
37 45
38 36
39 32
40 16
41 10
42 41
43 24
44 13
45 48
46 30
47 18
48 17
49 15
50 0
51 0
52 0
53 0
54 0
55 0
56 0
57 0
58 0
59 0
60 0
61 0
62 0
63 0
64 0
65 0
66 0
67 0
68 0
69 0
70 0
71 0
72 0
73 0
74 0
75 0
76 0
77 0
78 0
79 00 42
1 47
2 32
3 27
4 30
5 11
6 13
7 43
8 7
9 9
10 4
11 41
12 34
13 44
14 35
15 28
16 5
17 26
18 20
19 31
20 1
21 37
22 17
23 16
24 38
25 2
26 45
27 15
28 3
29 24
30 29
31 40
32 49
33 6
34 19
35 0
36 18
37 33
38 39
39 46
40 22
41 8
42 12
43 10
44 36
45 14
46 25
47 48
48 23
49 21
50 0
51 0
52 0
53 0
54 0
55 0
56 0
57 0
58 0
59 0
60 0
61 0
62 0
63 0
64 0
65 0
66 0
67 0
68 0
69 0
70 0
71 0
72 0
73 0
74 0
75 0
76 0
77 0
78 0
79 0