0 11
1 14
2 34
3 0
4 42
5 36
6 20
7 6
8 19
9 13
10 37
11 30
12 1
13 33
14 48
15 49
16 4
17 9
18 47
19 18
20 28
21 39
22 31
23 29
24 10
25 16
26 21
27 40
28 44
29 23
30 8
31 3
32 41
33 45
34 27
35 5
36 7
37 12
38 46
39 24
40 43
41 26
42 25
43 35
44 15
45 22
46 17
47 2
48 32
49 38
50 0
51 0
52 0
53 0
54 0
55 0
56 0
57 0
58 0
59 0
60 0
61 0
62 0
63 0
64 0
65 0
66 0
67 0
68 0
69 0
70 0
71 0
72 0
73 0
74 0
75 0
76 0
77 0
78 0
79 00 18
1 40
2 7
3 10
4 24
5 45
6 38
7 30
8 15
9 16
10 25
11 35
12 5
13 39
14 48
15 29
16 31
17 20
18 44
19 22
20 46
21 42
22 32
23 23
24 17
25 19
26 1
27 47
28 27
29 2
30 12
31 8
32 13
33 34
34 33
35 37
36 14
37 0
38 41
39 26
40 9
41 43
42 6
43 3
44 21
45 36
46 11
47 4
48 28
49 49
50 0
51 0
52 0
53 0
54 0
55 0
56 0
57 0
58 0
59 0
60 0
61 0
62 0
63 0
64 0
65 0
66 0
67 0
68 0
69 0
70 0
71 0
72 0
73 0
74 0
75 0
76 0
77 0
78 0
79 00 44
1 37
2 28
3 23
4 46
5 45
6 36
7 6
8 40
9 38
10 18
11 49
12 31
13 10
14 15
15 22
16 39
17 19
18 21
19 24
20 14
21 1
22 3
23 26
24 42
25 30
26 4
27 16
28 12
29 17
30 11
31 33
32 5
33 29
34 27
35 7
36 41
37 34
38 20
39 35
40 25
41 13
42 48
43 9
44 2
45 43
46 8
47 0
48 32
49 47
50 0
51 0
52 0
53 0
54 0
55 0
56 0
57 0
58 0
59 0
60 0
61 0
62 0
63 0
64 0
65 0
66 0
67 0
68 0
69 0
70 0
71 0
72 0
73 0
74 0
75 0
76 0
77 0
78 0
79 00 8
1 15
2 33
3 47
4 19
5 46
6 13
7 43
8 40
9 1
10 27
11 37
12 44
13 2
14 23
15 29
16 24
17 3
18 10
19 42
20 41
21 0
22 30
23 36
24 32
25 12
26 5
27 9
28 22
29 31
30 16
31 20
32 34
33 38
34 26
35 48
36 18
37 39
38 7
39 25
40 4
41 28
42 21
43 49
44 35
45 45
46 11
47 6
48 17
49 14
50 0
51 0
52 0
53 0
54 0
55 0
56 0
57 0
58 0
59 0
60 0
61 0
62 0
63 0
64 0
65 0
66 0
67 0
68 0
69 0
70 0
71 0
72 0
73 0
74 0
75 0
76 0
77 0
78 0
79 0