0 10
1 32
2 44
3 42
4 25
5 13
6 9
7 17
8 14
9 43
10 30
11 16
12 7
13 12
14 28
15 8
16 20
17 36
18 18
19 23
20 0
21 40
22 27
23 24
24 22
25 39
26 41
27 29
28 1
29 37
30 26
31 4
32 35
33 3
34 2
35 11
36 31
37 21
38 34
39 46
40 49
41 47
42 5
43 48
44 6
45 15
46 19
47 38
48 33
49 45
50 0
51 0
52 0
53 0
54 0
55 0
56 0
57 0
58 0
59 0
60 0
61 0
62 0
63 0
64 0
65 0
66 0
67 0
68 0
69 0
70 0
71 0
72 0
73 0
74 0
75 0
76 00 40
1 47
2 35
3 24
4 32
5 23
6 20
7 36
8 27
9 25
10 1
11 39
12 30
13 6
14 44
15 48
16 14
17 28
18 4
19 31
20 21
21 29
22 0
23 7
24 3
25 2
26 10
27 38
28 34
29 5
30 19
31 15
32 43
33 18
34 33
35 16
36 17
37 45
38 46
39 26
40 11
41 9
42 13
43 49
44 8
45 41
46 12
47 42
48 37
49 22
50 0
51 0
52 0
53 0
54 0
55 0
56 0
57 0
58 0
59 0
60 0
61 0
62 0
63 0
64 0
65 0
66 0
67 0
68 0
69 0
70 0
71 0
72 0
73 0
74 0
75 0
76 00 4
1 30
2 6
3 8
4 32
5 38
6 28
7 34
8 25
9 46
10 39
11 31
12 1
13 29
14 16
15 42
16 49
17 23
18 13
19 40
20 7
21 48
22 22
23 2
24 43
25 9
26 35
27 33
28 3
29 0
30 37
31 17
32 47
33 5
34 21
35 41
36 44
37 11
38 10
39 26
40 14
41 36
42 12
43 24
44 27
45 45
46 18
47 20
48 15
49 19
50 0
51 0
52 0
53 0
54 0
55 0
56 0
57 0
58 0
59 0
60 0
61 0
62 0
63 0
64 0
65 0
66 0
67 0
68 0
69 0
70 0
71 0
72 0
73 0
74 0
75 0
76 00 16
1 46
2 38
3 14
4 36
5 26
6 21
7 31
8 8
9 15
10 18
11 48
12 6
13 20
14 42
15 23
16 44
17 17
18 34
19 49
20 4
21 40
22 3
23 39
24 33
25 47
26 32
27 19
28 28
29 13
30 30
31 41
32 0
33 29
34 10
35 1
36 9
37 2
38 24
39 22
40 11
41 25
42 27
43 37
44 35
45 12
46 43
47 7
48 5
49 45
50 0
51 0
52 0
53 0
54 0
55 0
56 0
57 0
58 0
59 0
60 0
61 0
62 0
63 0
64 0
65 0
66 0
67 0
68 0
69 0
70 0
71 0
72 0
73 0
74 0
75 0
76 0