0 2
1 8
2 6
3 2
4 5
5 8
6 1
7 8
8 7
9 2
10 0
11 5
12 9
13 9
14 8
15 1
16 2
17 0
18 3
19 7
20 2
21 6
22 9
23 6
24 5
25 4
26 0
27 3
28 4
29 6
30 8
31 5
32 1
33 3
34 9
35 5
36 7
37 4
38 4
39 3
40 0
41 1
42 7
43 6
44 3
45 1
46 0
47 9
48 7
49 4
50 0
51 0
52 0
53 0
54 0
55 0
56 0
57 0
58 0
59 0
60 0
61 0
62 0
63 0
64 0
65 0
66 0
67 0
68 0
69 0
70 0
71 0
72 0
73 0
74 0
75 0
76 0
77 0
78 0
79 0
80 0
81 0
82 0
83 0
84 0
85 0
86 0
87 0
88 0
89 00 10
1 13
2 9
3 5
4 10
5 13
6 14
7 14
8 5
9 3
10 12
11 8
12 16
13 7
14 9
15 14
16 8
17 12
18 0
19 10
20 0
21 4
22 2
23 4
24 1
25 6
26 2
27 7
28 3
29 15
30 2
31 15
32 9
33 13
34 8
35 11
36 6
37 6
38 5
39 11
40 11
41 16
42 12
43 1
44 4
45 1
46 3
47 0
48 15
49 7
50 0
51 0
52 0
53 0
54 0
55 0
56 0
57 0
58 0
59 0
60 0
61 0
62 0
63 0
64 0
65 0
66 0
67 0
68 0
69 0
70 0
71 0
72 0
73 0
74 0
75 0
76 0
77 0
78 0
79 0
80 0
81 0
82 0
83 0
84 0
85 0
86 0
87 0
88 0
89 00 8
1 8
2 2
3 4
4 0
5 4
6 6
7 2
8 0
9 1
10 9
11 5
12 1
13 7
14 7
15 0
16 4
17 6
18 9
19 3
20 4
21 1
22 2
23 5
24 3
25 6
26 3
27 2
28 6
29 0
30 1
31 7
32 9
33 8
34 3
35 1
36 4
37 2
38 8
39 7
40 9
41 6
42 3
43 0
44 7
45 5
46 8
47 5
48 9
49 5
50 0
51 0
52 0
53 0
54 0
55 0
56 0
57 0
58 0
59 0
60 0
61 0
62 0
63 0
64 0
65 0
66 0
67 0
68 0
69 0
70 0
71 0
72 0
73 0
74 0
75 0
76 0
77 0
78 0
79 0
80 0
81 0
82 0
83 0
84 0
85 0
86 0
87 0
88 0
89 00 0
1 7
2 6
3 15
4 11
5 9
6 11
7 12
8 1
9 2
10 5
11 2
12 10
13 12
14 10
15 7
16 11
17 16
18 2
19 4
20 13
21 14
22 9
23 7
24 6
25 16
26 10
27 4
28 15
29 4
30 15
31 13
32 1
33 0
34 3
35 6
36 8
37 12
38 0
39 3
40 5
41 5
42 8
43 8
44 14
45 3
46 13
47 14
48 9
49 1
50 0
51 0
52 0
53 0
54 0
55 0
56 0
57 0
58 0
59 0
60 0
61 0
62 0
63 0
64 0
65 0
66 0
67 0
68 0
69 0
70 0
71 0
72 0
73 0
74 0
75 0
76 0
77 0
78 0
79 0
80 0
81 0
82 0
83 0
84 0
85 0
86 0
87 0
88 0
89 0