0 35
1 14
2 8
3 32
4 42
5 47
6 11
7 28
8 20
9 34
10 5
11 33
12 3
13 45
14 37
15 23
16 38
17 13
18 39
19 31
20 44
21 30
22 9
23 12
24 6
25 41
26 18
27 4
28 7
29 1
30 26
31 43
32 27
33 19
34 25
35 48
36 24
37 29
38 10
39 40
40 0
41 46
42 21
43 16
44 22
45 36
46 49
47 17
48 2
49 150 5
1 3
2 12
3 48
4 8
5 10
6 49
7 11
8 47
9 44
10 9
11 36
12 39
13 30
14 19
15 46
16 33
17 20
18 25
19 15
20 31
21 29
22 13
23 14
24 37
25 6
26 24
27 17
28 35
29 45
30 2
31 43
32 28
33 23
34 22
35 42
36 27
37 32
38 41
39 0
40 21
41 4
42 26
43 18
44 1
45 16
46 40
47 38
48 34
49 70 41
1 2
2 10
3 7
4 48
5 37
6 20
7 47
8 0
9 31
10 33
11 18
12 12
13 16
14 3
15 45
16 4
17 19
18 35
19 24
20 30
21 6
22 26
23 13
24 44
25 46
26 29
27 9
28 39
29 40
30 27
31 1
32 11
33 34
34 25
35 23
36 5
37 36
38 17
39 49
40 28
41 38
42 15
43 22
44 43
45 21
46 42
47 8
48 32
49 140 46
1 7
2 3
3 32
4 49
5 36
6 26
7 14
8 0
9 16
10 23
11 29
12 48
13 8
14 45
15 25
16 31
17 34
18 12
19 41
20 18
21 33
22 21
23 39
24 40
25 6
26 17
27 11
28 13
29 42
30 27
31 35
32 43
33 15
34 9
35 37
36 38
37 24
38 5
39 2
40 22
41 30
42 1
43 10
44 19
45 28
46 20
47 4
48 44
49 47