0 0
1 29
2 16
3 24
4 40
5 14
6 43
7 11
8 37
9 49
10 4
11 30
12 25
13 10
14 41
15 42
16 27
17 8
18 13
19 20
20 3
21 22
22 21
23 38
24 23
25 28
26 47
27 2
28 48
29 9
30 17
31 18
32 39
33 19
34 31
35 46
36 32
37 36
38 7
39 5
40 1
41 33
42 12
43 34
44 44
45 26
46 15
47 45
48 6
49 35
50 0
51 0
52 0
53 0
54 0
55 0
56 0
57 0
58 0
59 0
60 0
61 0
62 0
63 0
64 0
65 0
66 0
67 0
68 0
69 0
70 0
71 0
72 0
73 0
74 0
75 0
76 0
77 0
78 0
79 0
80 0
81 0
82 0
83 0
84 0
85 0
86 0
87 0
88 0
89 0
90 0
91 0
92 0
93 0
94 0
95 0
96 0
97 0
98 0