0 42
1 32
2 23
3 14
4 16
5 30
6 9
7 25
8 34
9 36
10 2
11 6
12 39
13 3
14 21
15 11
16 31
17 1
18 35
19 26
20 49
21 22
22 4
23 41
24 27
25 0
26 43
27 24
28 20
29 13
30 12
31 15
32 5
33 17
34 19
35 29
36 28
37 40
38 48
39 46
40 38
41 45
42 8
43 33
44 47
45 37
46 7
47 10
48 44
49 18
50 0
51 0
52 0
53 0
54 0
55 0
56 0
57 0
58 0
59 0
60 0
61 0
62 0
63 0
64 0
65 0
66 0
67 0
68 0
69 0
70 0
71 0
72 0
73 0
74 0
75 0
76 0
77 0
78 0
79 00 2
1 40
2 46
3 27
4 24
5 30
6 7
7 14
8 36
9 6
10 13
11 28
12 5
13 33
14 9
15 49
16 1
17 32
18 29
19 31
20 43
21 34
22 0
23 44
24 15
25 48
26 38
27 42
28 10
29 17
30 3
31 18
32 19
33 47
34 22
35 37
36 20
37 23
38 4
39 16
40 11
41 39
42 41
43 45
44 12
45 21
46 25
47 35
48 8
49 26
50 0
51 0
52 0
53 0
54 0
55 0
56 0
57 0
58 0
59 0
60 0
61 0
62 0
63 0
64 0
65 0
66 0
67 0
68 0
69 0
70 0
71 0
72 0
73 0
74 0
75 0
76 0
77 0
78 0
79 00 44
1 27
2 28
3 23
4 13
5 31
6 9
7 39
8 29
9 3
10 45
11 19
12 41
13 17
14 37
15 22
16 6
17 24
18 36
19 30
20 32
21 46
22 12
23 15
24 38
25 14
26 2
27 20
28 40
29 4
30 35
31 34
32 47
33 16
34 1
35 7
36 8
37 10
38 48
39 42
40 21
41 0
42 25
43 49
44 18
45 43
46 33
47 26
48 11
49 5
50 0
51 0
52 0
53 0
54 0
55 0
56 0
57 0
58 0
59 0
60 0
61 0
62 0
63 0
64 0
65 0
66 0
67 0
68 0
69 0
70 0
71 0
72 0
73 0
74 0
75 0
76 0
77 0
78 0
79 00 4
1 48
2 25
3 24
4 6
5 9
6 33
7 20
8 8
9 35
10 26
11 46
12 12
13 44
14 32
15 10
16 29
17 21
18 17
19 5
20 37
21 38
22 49
23 18
24 19
25 22
26 2
27 0
28 36
29 43
30 27
31 40
32 15
33 11
34 34
35 30
36 41
37 45
38 16
39 7
40 28
41 31
42 39
43 13
44 42
45 1
46 14
47 3
48 47
49 23
50 0
51 0
52 0
53 0
54 0
55 0
56 0
57 0
58 0
59 0
60 0
61 0
62 0
63 0
64 0
65 0
66 0
67 0
68 0
69 0
70 0
71 0
72 0
73 0
74 0
75 0
76 0
77 0
78 0
79 0