0 4
1 38
2 48
3 17
4 14
5 40
6 22
7 18
8 10
9 19
10 12
11 45
12 28
13 41
14 26
15 2
16 25
17 23
18 9
19 29
20 32
21 15
22 42
23 49
24 30
25 8
26 13
27 11
28 20
29 31
30 27
31 35
32 24
33 47
34 6
35 33
36 43
37 21
38 39
39 16
40 46
41 37
42 0
43 1
44 34
45 7
46 3
47 36
48 5
49 44
50 0
51 0
52 0
53 0
54 0
55 0
56 0
57 0
58 0
59 0
60 0
61 0
62 0
63 0
64 0
65 0
66 0
67 0
68 0
69 0
70 0
71 0
72 0
73 0
74 0
75 0
76 0
77 0
78 0
79 0
80 0
81 0
82 0
83 0
84 0
85 0
86 0
87 0
88 0
89 0
90 0
91 0
92 0
93 0
94 0
95 0
96 0
97 0
98 0