0 1
1 16
2 36
3 41
4 35
5 37
6 21
7 6
8 40
9 39
10 22
11 45
12 38
13 34
14 0
15 7
16 28
17 24
18 27
19 32
20 15
21 30
22 23
23 8
24 2
25 5
26 44
27 11
28 33
29 43
30 26
31 18
32 47
33 12
34 46
35 48
36 3
37 29
38 25
39 20
40 10
41 14
42 4
43 17
44 49
45 31
46 42
47 9
48 13
49 19
50 0
51 0
52 0
53 0
54 0
55 0
56 0
57 0
58 0
59 0
60 0
61 0
62 0
63 0
64 0
65 0
66 0
67 0
68 0
69 0
70 0
71 0
72 0
73 0
74 0
75 0
76 0
77 0
78 0
79 00 49
1 22
2 2
3 48
4 0
5 33
6 8
7 10
8 44
9 46
10 32
11 18
12 6
13 30
14 43
15 42
16 29
17 40
18 27
19 17
20 23
21 20
22 31
23 35
24 4
25 45
26 7
27 19
28 38
29 39
30 24
31 11
32 28
33 14
34 15
35 37
36 41
37 9
38 26
39 12
40 3
41 13
42 1
43 47
44 36
45 34
46 21
47 25
48 5
49 16
50 0
51 0
52 0
53 0
54 0
55 0
56 0
57 0
58 0
59 0
60 0
61 0
62 0
63 0
64 0
65 0
66 0
67 0
68 0
69 0
70 0
71 0
72 0
73 0
74 0
75 0
76 0
77 0
78 0
79 00 31
1 3
2 18
3 13
4 39
5 7
6 27
7 33
8 32
9 6
10 36
11 20
12 9
13 45
14 29
15 26
16 15
17 42
18 14
19 37
20 19
21 22
22 40
23 4
24 23
25 24
26 46
27 44
28 11
29 1
30 10
31 49
32 5
33 16
34 35
35 28
36 17
37 12
38 38
39 21
40 2
41 43
42 25
43 0
44 41
45 30
46 47
47 8
48 48
49 34
50 0
51 0
52 0
53 0
54 0
55 0
56 0
57 0
58 0
59 0
60 0
61 0
62 0
63 0
64 0
65 0
66 0
67 0
68 0
69 0
70 0
71 0
72 0
73 0
74 0
75 0
76 0
77 0
78 0
79 00 1
1 35
2 38
3 36
4 33
5 29
6 18
7 23
8 10
9 44
10 13
11 25
12 4
13 9
14 26
15 20
16 49
17 31
18 21
19 46
20 47
21 30
22 8
23 45
24 0
25 22
26 14
27 16
28 24
29 28
30 43
31 3
32 32
33 6
34 42
35 5
36 12
37 15
38 2
39 34
40 37
41 41
42 11
43 17
44 27
45 19
46 40
47 7
48 39
49 48
50 0
51 0
52 0
53 0
54 0
55 0
56 0
57 0
58 0
59 0
60 0
61 0
62 0
63 0
64 0
65 0
66 0
67 0
68 0
69 0
70 0
71 0
72 0
73 0
74 0
75 0
76 0
77 0
78 0
79 0