0 13
1 23
2 22
3 49
4 36
5 44
6 18
7 21
8 39
9 17
10 28
11 26
12 41
13 2
14 25
15 29
16 10
17 31
18 46
19 12
20 19
21 38
22 11
23 1
24 8
25 30
26 34
27 33
28 14
29 24
30 42
31 32
32 4
33 40
34 16
35 47
36 20
37 27
38 3
39 48
40 43
41 6
42 9
43 5
44 15
45 37
46 35
47 45
48 7
49 0
50 0
51 0
52 0
53 0
54 0
55 0
56 0
57 0
58 0
59 0
60 0
61 0
62 0
63 0
64 0
65 0
66 0
67 0
68 0
69 0
70 0
71 0
72 0
73 0
74 0
75 0
76 0
77 0
78 0
79 0
80 0
81 0
82 0
83 0
84 0
85 0
86 0
87 0
88 0
89 0
90 0
91 0
92 0
93 0
94 0
95 0
96 0
97 0
98 0