0 35
1 47
2 8
3 17
4 11
5 48
6 4
7 10
8 43
9 33
10 9
11 31
12 37
13 30
14 28
15 3
16 22
17 32
18 14
19 23
20 15
21 40
22 5
23 13
24 25
25 38
26 46
27 2
28 44
29 21
30 6
31 24
32 16
33 27
34 26
35 0
36 29
37 7
38 1
39 45
40 36
41 42
42 49
43 12
44 18
45 20
46 41
47 39
48 34
49 19
50 0
51 0
52 0
53 0
54 0
55 0
56 0
57 0
58 0
59 0
60 0
61 0
62 0
63 0
64 0
65 0
66 0
67 0
68 0
69 0
70 0
71 0
72 0
73 0
74 00 31
1 12
2 1
3 21
4 3
5 39
6 7
7 25
8 17
9 20
10 47
11 46
12 42
13 9
14 29
15 32
16 37
17 48
18 0
19 35
20 26
21 28
22 4
23 44
24 30
25 8
26 23
27 2
28 43
29 6
30 22
31 13
32 10
33 14
34 24
35 45
36 11
37 16
38 36
39 27
40 18
41 38
42 41
43 40
44 34
45 49
46 19
47 33
48 5
49 15
50 0
51 0
52 0
53 0
54 0
55 0
56 0
57 0
58 0
59 0
60 0
61 0
62 0
63 0
64 0
65 0
66 0
67 0
68 0
69 0
70 0
71 0
72 0
73 0
74 00 36
1 16
2 45
3 34
4 24
5 33
6 12
7 3
8 25
9 11
10 39
11 13
12 15
13 17
14 6
15 19
16 46
17 43
18 1
19 8
20 27
21 26
22 37
23 44
24 35
25 48
26 22
27 30
28 18
29 14
30 2
31 20
32 31
33 10
34 0
35 40
36 42
37 28
38 7
39 29
40 47
41 5
42 41
43 32
44 49
45 21
46 23
47 38
48 4
49 9
50 0
51 0
52 0
53 0
54 0
55 0
56 0
57 0
58 0
59 0
60 0
61 0
62 0
63 0
64 0
65 0
66 0
67 0
68 0
69 0
70 0
71 0
72 0
73 0
74 00 38
1 27
2 31
3 49
4 29
5 32
6 39
7 33
8 11
9 16
10 2
11 48
12 35
13 40
14 22
15 1
16 6
17 7
18 44
19 8
20 10
21 45
22 17
23 12
24 15
25 36
26 5
27 34
28 14
29 18
30 21
31 47
32 0
33 41
34 4
35 26
36 23
37 3
38 19
39 28
40 25
41 42
42 24
43 30
44 20
45 46
46 43
47 13
48 37
49 9
50 0
51 0
52 0
53 0
54 0
55 0
56 0
57 0
58 0
59 0
60 0
61 0
62 0
63 0
64 0
65 0
66 0
67 0
68 0
69 0
70 0
71 0
72 0
73 0
74 0