0 47
1 41
2 8
3 33
4 43
5 10
6 22
7 21
8 46
9 17
10 31
11 37
12 42
13 44
14 7
15 9
16 34
17 35
18 49
19 45
20 19
21 26
22 28
23 0
24 18
25 4
26 24
27 20
28 48
29 23
30 13
31 40
32 11
33 3
34 16
35 32
36 6
37 38
38 12
39 14
40 30
41 2
42 1
43 15
44 5
45 27
46 25
47 39
48 36
49 29
50 0
51 0
52 0
53 0
54 0
55 0
56 0
57 0
58 0
59 0
60 0
61 0
62 0
63 0
64 0
65 0
66 0
67 0
68 0
69 0
70 0
71 0
72 0
73 0
74 0
75 0
76 0
77 0
78 0
79 0
80 0
81 0
82 0
83 0
84 0
85 0
86 0
87 0
88 0
89 0
90 0
91 0
92 0
93 0
94 0
95 00 48
1 7
2 0
3 37
4 18
5 43
6 27
7 2
8 14
9 39
10 31
11 45
12 29
13 47
14 41
15 1
16 10
17 15
18 21
19 23
20 5
21 34
22 20
23 13
24 19
25 11
26 9
27 38
28 30
29 42
30 36
31 22
32 6
33 35
34 32
35 46
36 12
37 25
38 17
39 8
40 44
41 26
42 40
43 33
44 49
45 3
46 28
47 4
48 24
49 16
50 0
51 0
52 0
53 0
54 0
55 0
56 0
57 0
58 0
59 0
60 0
61 0
62 0
63 0
64 0
65 0
66 0
67 0
68 0
69 0
70 0
71 0
72 0
73 0
74 0
75 0
76 0
77 0
78 0
79 0
80 0
81 0
82 0
83 0
84 0
85 0
86 0
87 0
88 0
89 0
90 0
91 0
92 0
93 0
94 0
95 00 14
1 31
2 7
3 47
4 43
5 8
6 3
7 28
8 25
9 21
10 17
11 42
12 44
13 10
14 22
15 30
16 26
17 38
18 45
19 19
20 36
21 20
22 27
23 11
24 6
25 34
26 32
27 0
28 49
29 12
30 46
31 40
32 16
33 13
34 4
35 39
36 37
37 23
38 48
39 2
40 18
41 24
42 1
43 35
44 5
45 41
46 15
47 29
48 33
49 9
50 0
51 0
52 0
53 0
54 0
55 0
56 0
57 0
58 0
59 0
60 0
61 0
62 0
63 0
64 0
65 0
66 0
67 0
68 0
69 0
70 0
71 0
72 0
73 0
74 0
75 0
76 0
77 0
78 0
79 0
80 0
81 0
82 0
83 0
84 0
85 0
86 0
87 0
88 0
89 0
90 0
91 0
92 0
93 0
94 0
95 00 20
1 11
2 46
3 1
4 5
5 6
6 28
7 33
8 37
9 32
10 40
11 48
12 19
13 16
14 15
15 49
16 2
17 29
18 10
19 22
20 24
21 41
22 13
23 43
24 4
25 0
26 27
27 17
28 31
29 14
30 39
31 34
32 12
33 45
34 44
35 25
36 7
37 21
38 47
39 38
40 3
41 9
42 18
43 42
44 30
45 26
46 35
47 36
48 23
49 8
50 0
51 0
52 0
53 0
54 0
55 0
56 0
57 0
58 0
59 0
60 0
61 0
62 0
63 0
64 0
65 0
66 0
67 0
68 0
69 0
70 0
71 0
72 0
73 0
74 0
75 0
76 0
77 0
78 0
79 0
80 0
81 0
82 0
83 0
84 0
85 0
86 0
87 0
88 0
89 0
90 0
91 0
92 0
93 0
94 0
95 0