0 17
1 37
2 5
3 12
4 20
5 43
6 40
7 16
8 38
9 26
10 44
11 0
12 45
13 39
14 41
15 34
16 6
17 31
18 9
19 24
20 18
21 8
22 11
23 29
24 3
25 22
26 33
27 27
28 13
29 28
30 49
31 2
32 32
33 42
34 10
35 15
36 23
37 21
38 7
39 35
40 19
41 1
42 25
43 36
44 4
45 47
46 48
47 30
48 46
49 14
50 0
51 0
52 0
53 0
54 0
55 0
56 0
57 0
58 0
59 0
60 0
61 0
62 0
63 0
64 0
65 0
66 0
67 0
68 0
69 0
70 0
71 0
72 0
73 0
74 0
75 0
76 0
77 0
78 0
79 0
80 0
81 0
82 0
83 0
84 0
85 0
86 0
87 0
88 0
89 0
90 0
91 0
92 0
93 0
94 0
95 0
96 0
97 0
98 0