0 6
1 1
2 5
3 9
4 6
5 10
6 6
7 2
8 10
9 9
10 3
11 5
12 4
13 0
14 9
15 2
16 10
17 3
18 8
19 1
20 8
21 4
22 12
23 1
24 4
25 5
26 2
27 7
28 1
29 0
30 11
31 3
32 10
33 3
34 5
35 0
36 9
37 8
38 11
39 0
40 7
41 6
42 2
43 11
44 4
45 11
46 7
47 8
48 7
49 12
50 0
51 0
52 0
53 0
54 0
55 0
56 0
57 0
58 0
59 0
60 0
61 0
62 0
63 0
64 0
65 0
66 0
67 0
68 0
69 0
70 0
71 0
72 0
73 0
74 0
75 0
76 0
77 0
78 0
79 0
80 0
81 0
82 0
83 0
84 0
85 0
86 0
87 00 10
1 12
2 3
3 1
4 5
5 10
6 6
7 5
8 4
9 9
10 10
11 3
12 6
13 7
14 8
15 3
16 7
17 3
18 9
19 0
20 8
21 6
22 5
23 4
24 5
25 2
26 6
27 1
28 4
29 8
30 7
31 2
32 11
33 10
34 0
35 12
36 11
37 9
38 1
39 8
40 11
41 2
42 7
43 2
44 11
45 9
46 0
47 4
48 0
49 1
50 0
51 0
52 0
53 0
54 0
55 0
56 0
57 0
58 0
59 0
60 0
61 0
62 0
63 0
64 0
65 0
66 0
67 0
68 0
69 0
70 0
71 0
72 0
73 0
74 0
75 0
76 0
77 0
78 0
79 0
80 0
81 0
82 0
83 0
84 0
85 0
86 0
87 00 2
1 12
2 11
3 7
4 4
5 5
6 5
7 5
8 10
9 10
10 6
11 6
12 2
13 8
14 4
15 7
16 6
17 11
18 1
19 3
20 1
21 7
22 8
23 1
24 0
25 5
26 4
27 9
28 6
29 11
30 9
31 10
32 2
33 8
34 0
35 0
36 0
37 3
38 8
39 9
40 3
41 11
42 12
43 10
44 2
45 9
46 7
47 3
48 1
49 4
50 0
51 0
52 0
53 0
54 0
55 0
56 0
57 0
58 0
59 0
60 0
61 0
62 0
63 0
64 0
65 0
66 0
67 0
68 0
69 0
70 0
71 0
72 0
73 0
74 0
75 0
76 0
77 0
78 0
79 0
80 0
81 0
82 0
83 0
84 0
85 0
86 0
87 00 2
1 0
2 6
3 0
4 9
5 7
6 6
7 1
8 5
9 4
10 4
11 1
12 4
13 8
14 8
15 7
16 3
17 3
18 1
19 8
20 3
21 0
22 2
23 1
24 8
25 2
26 5
27 4
28 6
29 1
30 2
31 0
32 7
33 9
34 4
35 6
36 9
37 0
38 9
39 3
40 8
41 5
42 5
43 5
44 9
45 2
46 7
47 3
48 7
49 6
50 0
51 0
52 0
53 0
54 0
55 0
56 0
57 0
58 0
59 0
60 0
61 0
62 0
63 0
64 0
65 0
66 0
67 0
68 0
69 0
70 0
71 0
72 0
73 0
74 0
75 0
76 0
77 0
78 0
79 0
80 0
81 0
82 0
83 0
84 0
85 0
86 0
87 0