0 9
1 12
2 44
3 26
4 16
5 48
6 29
7 13
8 19
9 30
10 4
11 24
12 41
13 25
14 28
15 42
16 34
17 14
18 46
19 38
20 15
21 6
22 7
23 49
24 11
25 1
26 10
27 21
28 33
29 2
30 22
31 20
32 32
33 18
34 31
35 45
36 3
37 27
38 37
39 0
40 5
41 17
42 47
43 23
44 8
45 43
46 36
47 35
48 39
49 40
50 0
51 0
52 0
53 0
54 0
55 0
56 0
57 0
58 0
59 0
60 0
61 0
62 0
63 0
64 0
65 0
66 0
67 0
68 0
69 0
70 0
71 0
72 0
73 0
74 0
75 0
76 0
77 0
78 0
79 0
80 0
81 0
82 0
83 0
84 0
85 0
86 0
87 0
88 0
89 00 12
1 25
2 49
3 45
4 14
5 37
6 4
7 42
8 39
9 41
10 3
11 16
12 36
13 1
14 30
15 22
16 7
17 2
18 20
19 15
20 44
21 33
22 10
23 34
24 5
25 9
26 29
27 11
28 26
29 38
30 21
31 46
32 35
33 40
34 17
35 31
36 32
37 8
38 23
39 24
40 28
41 27
42 0
43 47
44 19
45 13
46 48
47 6
48 43
49 18
50 0
51 0
52 0
53 0
54 0
55 0
56 0
57 0
58 0
59 0
60 0
61 0
62 0
63 0
64 0
65 0
66 0
67 0
68 0
69 0
70 0
71 0
72 0
73 0
74 0
75 0
76 0
77 0
78 0
79 0
80 0
81 0
82 0
83 0
84 0
85 0
86 0
87 0
88 0
89 00 6
1 9
2 17
3 18
4 13
5 37
6 7
7 49
8 10
9 19
10 30
11 23
12 44
13 24
14 48
15 26
16 12
17 28
18 4
19 31
20 21
21 38
22 14
23 42
24 46
25 0
26 25
27 27
28 45
29 15
30 32
31 41
32 33
33 3
34 29
35 1
36 47
37 39
38 8
39 36
40 43
41 20
42 16
43 40
44 35
45 34
46 11
47 22
48 2
49 5
50 0
51 0
52 0
53 0
54 0
55 0
56 0
57 0
58 0
59 0
60 0
61 0
62 0
63 0
64 0
65 0
66 0
67 0
68 0
69 0
70 0
71 0
72 0
73 0
74 0
75 0
76 0
77 0
78 0
79 0
80 0
81 0
82 0
83 0
84 0
85 0
86 0
87 0
88 0
89 00 47
1 49
2 30
3 39
4 25
5 11
6 44
7 7
8 45
9 46
10 34
11 24
12 32
13 2
14 10
15 12
16 42
17 4
18 19
19 43
20 41
21 40
22 15
23 21
24 8
25 5
26 3
27 20
28 48
29 16
30 0
31 18
32 27
33 1
34 38
35 22
36 29
37 35
38 36
39 14
40 31
41 28
42 37
43 26
44 9
45 13
46 17
47 23
48 33
49 6
50 0
51 0
52 0
53 0
54 0
55 0
56 0
57 0
58 0
59 0
60 0
61 0
62 0
63 0
64 0
65 0
66 0
67 0
68 0
69 0
70 0
71 0
72 0
73 0
74 0
75 0
76 0
77 0
78 0
79 0
80 0
81 0
82 0
83 0
84 0
85 0
86 0
87 0
88 0
89 00 23
1 35
2 36
3 37
4 24
5 16
6 19
7 45
8 18
9 13
10 17
11 31
12 21
13 15
14 8
15 5
16 32
17 28
18 7
19 9
20 4
21 0
22 26
23 46
24 1
25 39
26 12
27 11
28 14
29 38
30 22
31 33
32 49
33 30
34 41
35 47
36 40
37 10
38 27
39 29
40 3
41 20
42 25
43 2
44 42
45 48
46 43
47 44
48 6
49 34
50 0
51 0
52 0
53 0
54 0
55 0
56 0
57 0
58 0
59 0
60 0
61 0
62 0
63 0
64 0
65 0
66 0
67 0
68 0
69 0
70 0
71 0
72 0
73 0
74 0
75 0
76 0
77 0
78 0
79 0
80 0
81 0
82 0
83 0
84 0
85 0
86 0
87 0
88 0
89 0