0 45
1 19
2 23
3 10
4 4
5 3
6 40
7 15
8 26
9 13
10 18
11 25
12 24
13 44
14 34
15 12
16 48
17 35
18 21
19 5
20 17
21 49
22 1
23 42
24 41
25 43
26 2
27 47
28 38
29 8
30 31
31 9
32 0
33 20
34 29
35 11
36 37
37 36
38 16
39 22
40 14
41 46
42 6
43 7
44 30
45 33
46 39
47 28
48 32
49 27
50 0
51 0
52 0
53 0
54 0
55 0
56 0
57 0
58 0
59 0
60 0
61 0
62 0
63 0
64 0
65 0
66 0
67 0
68 0
69 0
70 0
71 0
72 0
73 0
74 0
75 0
76 0
77 0
78 0
79 0
80 0
81 0
82 0
83 0
84 0
85 0
86 0
87 0
88 0
89 0
90 0
91 0
92 0
93 0
94 0
95 0
96 0
97 0
98 0