0 25
1 17
2 24
3 3
4 13
5 41
6 26
7 37
8 19
9 44
10 16
11 1
12 27
13 36
14 42
15 5
16 45
17 46
18 15
19 7
20 40
21 47
22 29
23 9
24 12
25 10
26 48
27 31
28 18
29 2
30 34
31 38
32 21
33 6
34 43
35 20
36 30
37 0
38 49
39 23
40 33
41 35
42 14
43 4
44 32
45 8
46 11
47 39
48 22
49 28
50 0
51 0
52 0
53 0
54 0
55 0
56 0
57 0
58 0
59 0
60 0
61 0
62 0
63 0
64 0
65 0
66 0
67 0
68 0
69 0
70 0
71 0
72 0
73 0
74 00 7
1 22
2 32
3 12
4 27
5 35
6 15
7 41
8 19
9 46
10 5
11 26
12 8
13 29
14 4
15 42
16 16
17 30
18 43
19 11
20 10
21 14
22 25
23 1
24 48
25 34
26 9
27 39
28 20
29 37
30 18
31 31
32 36
33 3
34 17
35 40
36 44
37 45
38 24
39 38
40 6
41 49
42 0
43 47
44 33
45 23
46 2
47 13
48 21
49 28
50 0
51 0
52 0
53 0
54 0
55 0
56 0
57 0
58 0
59 0
60 0
61 0
62 0
63 0
64 0
65 0
66 0
67 0
68 0
69 0
70 0
71 0
72 0
73 0
74 0