0 38
1 9
2 16
3 10
4 3
5 27
6 24
7 45
8 14
9 35
10 36
11 8
12 48
13 42
14 47
15 28
16 4
17 31
18 39
19 30
20 2
21 6
22 20
23 43
24 5
25 37
26 41
27 34
28 23
29 46
30 1
31 19
32 22
33 12
34 0
35 21
36 17
37 18
38 33
39 26
40 11
41 49
42 29
43 7
44 40
45 15
46 32
47 13
48 44
49 25
50 0
51 0
52 0
53 0
54 0
55 0
56 0
57 0
58 0
59 0
60 0
61 0
62 0
63 0
64 0
65 0
66 0
67 0
68 0
69 0
70 0
71 0
72 0
73 0
74 0
75 0
76 0
77 0
78 0
79 00 17
1 7
2 41
3 6
4 19
5 35
6 47
7 36
8 26
9 31
10 39
11 12
12 11
13 1
14 15
15 21
16 22
17 14
18 25
19 49
20 0
21 3
22 5
23 8
24 46
25 45
26 34
27 23
28 4
29 20
30 48
31 28
32 32
33 9
34 40
35 24
36 42
37 10
38 2
39 27
40 18
41 33
42 29
43 43
44 16
45 30
46 38
47 13
48 44
49 37
50 0
51 0
52 0
53 0
54 0
55 0
56 0
57 0
58 0
59 0
60 0
61 0
62 0
63 0
64 0
65 0
66 0
67 0
68 0
69 0
70 0
71 0
72 0
73 0
74 0
75 0
76 0
77 0
78 0
79 00 45
1 1
2 21
3 16
4 5
5 0
6 29
7 31
8 10
9 44
10 12
11 28
12 40
13 8
14 27
15 3
16 14
17 42
18 4
19 46
20 13
21 2
22 49
23 15
24 17
25 30
26 39
27 37
28 33
29 36
30 20
31 7
32 26
33 9
34 19
35 35
36 48
37 23
38 38
39 18
40 43
41 34
42 47
43 32
44 11
45 22
46 25
47 41
48 24
49 6