0 6
1 1
2 5
3 9
4 6
5 10
6 6
7 2
8 10
9 9
10 3
11 5
12 4
13 0
14 9
15 2
16 10
17 3
18 8
19 1
20 8
21 4
22 12
23 1
24 4
25 5
26 2
27 7
28 1
29 0
30 11
31 3
32 10
33 3
34 5
35 0
36 9
37 8
38 11
39 0
40 7
41 6
42 2
43 11
44 4
45 11
46 7
47 8
48 7
49 12
50 0
51 0
52 0
53 0
54 0
55 0
56 0
57 0
58 0
59 0
60 0
61 0
62 0
63 0
64 0
65 0
66 0
67 0
68 0
69 0
70 0
71 0
72 0
73 0
74 0
75 0
76 0
77 0
78 0
79 0
80 0
81 0
82 0
83 0
84 0
85 0
86 0
87 00 10
1 12
2 3
3 1
4 5
5 10
6 6
7 5
8 4
9 9
10 10
11 3
12 6
13 7
14 8
15 3
16 7
17 3
18 9
19 0
20 8
21 6
22 5
23 4
24 5
25 2
26 6
27 1
28 4
29 8
30 7
31 2
32 11
33 10
34 0
35 12
36 11
37 9
38 1
39 8
40 11
41 2
42 7
43 2
44 11
45 9
46 0
47 4
48 0
49 1
50 0
51 0
52 0
53 0
54 0
55 0
56 0
57 0
58 0
59 0
60 0
61 0
62 0
63 0
64 0
65 0
66 0
67 0
68 0
69 0
70 0
71 0
72 0
73 0
74 0
75 0
76 0
77 0
78 0
79 0
80 0
81 0
82 0
83 0
84 0
85 0
86 0
87 0