0 14
1 21
2 42
3 19
4 28
5 17
6 1
7 30
8 40
9 24
10 43
11 20
12 15
13 7
14 38
15 27
16 36
17 6
18 49
19 45
20 12
21 4
22 46
23 0
24 32
25 18
26 44
27 39
28 5
29 8
30 48
31 16
32 26
33 10
34 31
35 47
36 33
37 13
38 9
39 2
40 41
41 34
42 3
43 22
44 11
45 25
46 29
47 35
48 37
49 23
50 0
51 0
52 0
53 0
54 0
55 0
56 0
57 0
58 0
59 0
60 0
61 0
62 0
63 0
64 0
65 0
66 0
67 0
68 0
69 0
70 0
71 0
72 0
73 0
74 0
75 0
76 0
77 0
78 0
79 0
80 0
81 0
82 0
83 0
84 0
85 0
86 0
87 0
88 0
89 0
90 0
91 0
92 0
93 0
94 0
95 0
96 0
97 0
98 00 48
1 12
2 14
3 46
4 11
5 25
6 13
7 43
8 29
9 45
10 26
11 35
12 40
13 4
14 3
15 38
16 37
17 30
18 18
19 49
20 7
21 10
22 32
23 34
24 41
25 20
26 17
27 36
28 15
29 44
30 2
31 28
32 39
33 21
34 23
35 1
36 47
37 27
38 6
39 5
40 16
41 33
42 19
43 22
44 0
45 9
46 24
47 42
48 31
49 8
50 0
51 0
52 0
53 0
54 0
55 0
56 0
57 0
58 0
59 0
60 0
61 0
62 0
63 0
64 0
65 0
66 0
67 0
68 0
69 0
70 0
71 0
72 0
73 0
74 0
75 0
76 0
77 0
78 0
79 0
80 0
81 0
82 0
83 0
84 0
85 0
86 0
87 0
88 0
89 0
90 0
91 0
92 0
93 0
94 0
95 0
96 0
97 0
98 00 38
1 19
2 24
3 4
4 6
5 45
6 34
7 16
8 11
9 44
10 18
11 13
12 17
13 14
14 33
15 35
16 48
17 28
18 22
19 12
20 41
21 21
22 7
23 0
24 15
25 40
26 27
27 8
28 26
29 43
30 9
31 5
32 25
33 29
34 30
35 39
36 37
37 36
38 49
39 42
40 32
41 2
42 23
43 1
44 47
45 20
46 10
47 3
48 31
49 46