0 36
1 43
2 7
3 44
4 37
5 32
6 21
7 4
8 20
9 17
10 15
11 45
12 5
13 13
14 42
15 9
16 10
17 25
18 26
19 12
20 47
21 38
22 14
23 30
24 34
25 24
26 3
27 11
28 39
29 28
30 27
31 8
32 18
33 6
34 2
35 19
36 35
37 49
38 1
39 40
40 46
41 41
42 0
43 33
44 31
45 22
46 48
47 16
48 29
49 23
50 0
51 0
52 0
53 0
54 0
55 0
56 0
57 0
58 0
59 0
60 0
61 0
62 0
63 0
64 0
65 0
66 0
67 0
68 0
69 0
70 0
71 0
72 0
73 0
74 0
75 0
76 0
77 0
78 0
79 0
80 0
81 0
82 0
83 0
84 0
85 0
86 0
87 0
88 0
89 0
90 0
91 0
92 0
93 0
94 0
95 0
96 0
97 0
98 00 40
1 35
2 14
3 27
4 48
5 34
6 20
7 49
8 25
9 12
10 2
11 31
12 0
13 47
14 39
15 16
16 44
17 5
18 30
19 3
20 41
21 4
22 13
23 18
24 6
25 22
26 23
27 21
28 28
29 19
30 45
31 33
32 36
33 10
34 15
35 26
36 7
37 24
38 46
39 42
40 38
41 9
42 8
43 11
44 17
45 43
46 29
47 32
48 1
49 37
50 0
51 0
52 0
53 0
54 0
55 0
56 0
57 0
58 0
59 0
60 0
61 0
62 0
63 0
64 0
65 0
66 0
67 0
68 0
69 0
70 0
71 0
72 0
73 0
74 0
75 0
76 0
77 0
78 0
79 0
80 0
81 0
82 0
83 0
84 0
85 0
86 0
87 0
88 0
89 0
90 0
91 0
92 0
93 0
94 0
95 0
96 0
97 0
98 00 17
1 3
2 27
3 30
4 39
5 1
6 28
7 42
8 44
9 45
10 37
11 23
12 9
13 40
14 24
15 46
16 21
17 8
18 7
19 2
20 36
21 18
22 5
23 38
24 16
25 33
26 20
27 25
28 26
29 34
30 41
31 13
32 19
33 47
34 12
35 48
36 4
37 10
38 14
39 32
40 11
41 29
42 35
43 31
44 15
45 0
46 22
47 49
48 43
49 6