0 24
1 27
2 26
3 6
4 13
5 36
6 15
7 1
8 7
9 3
10 9
11 40
12 17
13 34
14 31
15 45
16 8
17 28
18 33
19 37
20 43
21 38
22 49
23 47
24 12
25 25
26 18
27 2
28 23
29 4
30 32
31 16
32 48
33 44
34 30
35 20
36 21
37 5
38 35
39 29
40 19
41 14
42 46
43 42
44 41
45 0
46 11
47 10
48 39
49 22
50 0
51 0
52 0
53 0
54 0
55 0
56 0
57 0
58 0
59 0
60 0
61 0
62 0
63 0
64 0
65 0
66 0
67 0
68 0
69 0
70 0
71 0
72 0
73 0
74 0
75 0
76 0
77 0
78 0
79 0
80 0
81 0
82 0
83 0
84 0
85 0
86 0
87 0
88 0
89 0
90 0
91 0
92 0
93 0
94 0
95 0
96 0
97 0
98 0