0 18
1 46
2 0
3 35
4 4
5 5
6 25
7 15
8 9
9 16
10 11
11 30
12 41
13 28
14 21
15 42
16 31
17 40
18 33
19 24
20 6
21 38
22 49
23 27
24 43
25 37
26 14
27 7
28 19
29 10
30 1
31 32
32 23
33 26
34 34
35 45
36 12
37 36
38 29
39 22
40 20
41 47
42 2
43 17
44 48
45 39
46 13
47 3
48 44
49 8
50 0
51 0
52 0
53 0
54 0
55 0
56 0
57 0
58 0
59 0
60 0
61 0
62 0
63 0
64 0
65 0
66 0
67 0
68 0
69 0
70 00 19
1 7
2 30
3 36
4 4
5 39
6 35
7 18
8 13
9 28
10 48
11 46
12 0
13 6
14 3
15 31
16 22
17 33
18 10
19 26
20 38
21 17
22 43
23 25
24 23
25 15
26 11
27 42
28 44
29 45
30 24
31 47
32 21
33 29
34 8
35 12
36 41
37 40
38 34
39 27
40 37
41 9
42 16
43 14
44 2
45 49
46 1
47 5
48 32
49 20
50 0
51 0
52 0
53 0
54 0
55 0
56 0
57 0
58 0
59 0
60 0
61 0
62 0
63 0
64 0
65 0
66 0
67 0
68 0
69 0
70 0