0 41
1 8
2 46
3 9
4 20
5 31
6 40
7 0
8 45
9 11
10 47
11 2
12 3
13 18
14 30
15 7
16 34
17 16
18 19
19 44
20 39
21 4
22 33
23 37
24 6
25 26
26 22
27 48
28 23
29 32
30 24
31 38
32 25
33 10
34 28
35 49
36 21
37 1
38 43
39 13
40 14
41 35
42 5
43 17
44 42
45 12
46 15
47 36
48 29
49 270 5
1 5
2 2
3 7
4 9
5 2
6 6
7 2
8 8
9 8
10 1
11 0
12 7
13 4
14 5
15 3
16 5
17 4
18 7
19 4
20 2
21 3
22 5
23 6
24 0
25 7
26 9
27 6
28 9
29 0
30 9
31 3
32 4
33 7
34 8
35 8
36 1
37 4
38 0
39 1
40 6
41 3
42 9
43 0
44 3
45 1
46 6
47 2
48 1
49 8
50 0
51 0
52 0
53 0
54 0
55 0
56 0
57 0
58 0
59 0
60 0
61 0
62 0
63 0
64 0
65 0
66 0
67 0
68 0
69 0
70 0
71 0
72 0
73 0
74 0
75 0
76 0
77 0
78 0
79 0
80 0
81 0
82 0
83 0
84 0
85 0
86 0
87 0
88 0
89 0