0 37
1 38
2 45
3 12
4 32
5 34
6 2
7 22
8 17
9 46
10 21
11 40
12 47
13 30
14 3
15 15
16 25
17 48
18 27
19 24
20 44
21 5
22 29
23 7
24 0
25 49
26 14
27 43
28 18
29 23
30 31
31 9
32 19
33 13
34 4
35 6
36 16
37 10
38 1
39 11
40 8
41 42
42 41
43 39
44 33
45 28
46 35
47 20
48 26
49 36
50 0
51 0
52 0
53 0
54 0
55 0
56 0
57 0
58 0
59 0
60 0
61 0
62 0
63 0
64 0
65 0
66 0
67 0
68 0
69 0
70 0
71 0
72 0
73 0
74 0
75 0
76 00 44
1 33
2 35
3 9
4 34
5 5
6 18
7 20
8 27
9 19
10 12
11 29
12 6
13 40
14 13
15 45
16 15
17 21
18 8
19 47
20 42
21 25
22 7
23 31
24 16
25 24
26 10
27 3
28 26
29 4
30 0
31 46
32 14
33 32
34 1
35 48
36 11
37 43
38 49
39 28
40 39
41 38
42 17
43 36
44 30
45 2
46 41
47 22
48 37
49 23
50 0
51 0
52 0
53 0
54 0
55 0
56 0
57 0
58 0
59 0
60 0
61 0
62 0
63 0
64 0
65 0
66 0
67 0
68 0
69 0
70 0
71 0
72 0
73 0
74 0
75 0
76 00 33
1 13
2 15
3 40
4 42
5 18
6 4
7 46
8 30
9 10
10 22
11 48
12 39
13 19
14 37
15 3
16 14
17 49
18 8
19 43
20 21
21 32
22 28
23 11
24 24
25 45
26 12
27 36
28 41
29 47
30 44
31 7
32 29
33 38
34 34
35 1
36 5
37 23
38 6
39 0
40 17
41 27
42 20
43 26
44 9
45 2
46 31
47 35
48 16
49 25