0 40
1 4
2 11
3 1
4 2
5 42
6 49
7 47
8 34
9 17
10 24
11 41
12 30
13 19
14 7
15 22
16 23
17 32
18 10
19 33
20 21
21 38
22 39
23 16
24 20
25 0
26 37
27 3
28 48
29 13
30 15
31 26
32 14
33 45
34 36
35 8
36 25
37 6
38 29
39 12
40 44
41 9
42 5
43 28
44 46
45 35
46 31
47 27
48 43
49 180 3
1 22
2 47
3 24
4 41
5 49
6 20
7 40
8 45
9 32
10 17
11 15
12 13
13 46
14 44
15 35
16 42
17 5
18 6
19 18
20 36
21 43
22 2
23 19
24 33
25 1
26 11
27 9
28 0
29 21
30 31
31 10
32 16
33 14
34 8
35 7
36 30
37 29
38 38
39 39
40 23
41 28
42 48
43 27
44 34
45 4
46 12
47 37
48 25
49 260 18
1 1
2 21
3 23
4 11
5 29
6 16
7 36
8 9
9 0
10 47
11 14
12 17
13 10
14 40
15 38
16 24
17 2
18 25
19 22
20 4
21 45
22 33
23 34
24 26
25 44
26 19
27 39
28 46
29 7
30 15
31 30
32 3
33 8
34 28
35 37
36 48
37 31
38 12
39 41
40 43
41 13
42 27
43 5
44 42
45 35
46 49
47 20
48 32
49 6