0 29
1 24
2 26
3 14
4 35
5 42
6 10
7 4
8 37
9 19
10 20
11 41
12 22
13 9
14 25
15 12
16 21
17 27
18 3
19 1
20 11
21 49
22 36
23 33
24 40
25 28
26 5
27 8
28 15
29 43
30 17
31 2
32 23
33 18
34 47
35 6
36 31
37 0
38 45
39 46
40 38
41 48
42 39
43 30
44 34
45 16
46 13
47 44
48 7
49 32
50 0
51 0
52 0
53 0
54 0
55 0
56 0
57 0
58 0
59 0
60 0
61 0
62 0
63 0
64 0
65 0
66 0
67 0
68 0
69 0
70 0
71 0
72 0
73 0
74 0
75 0
76 0
77 0
78 0
79 00 20
1 28
2 47
3 16
4 23
5 33
6 46
7 42
8 31
9 38
10 30
11 12
12 27
13 9
14 15
15 37
16 41
17 36
18 40
19 6
20 48
21 11
22 2
23 19
24 24
25 1
26 34
27 39
28 4
29 3
30 18
31 29
32 45
33 44
34 35
35 0
36 14
37 17
38 25
39 49
40 22
41 13
42 43
43 26
44 8
45 5
46 7
47 10
48 21
49 32
50 0
51 0
52 0
53 0
54 0
55 0
56 0
57 0
58 0
59 0
60 0
61 0
62 0
63 0
64 0
65 0
66 0
67 0
68 0
69 0
70 0
71 0
72 0
73 0
74 0
75 0
76 0
77 0
78 0
79 00 10
1 38
2 22
3 8
4 17
5 4
6 47
7 39
8 44
9 28
10 20
11 6
12 41
13 34
14 26
15 45
16 9
17 40
18 49
19 14
20 18
21 32
22 1
23 2
24 19
25 0
26 7
27 30
28 31
29 42
30 43
31 24
32 25
33 11
34 37
35 35
36 36
37 33
38 29
39 5
40 3
41 46
42 15
43 23
44 48
45 21
46 13
47 27
48 12
49 16
50 0
51 0
52 0
53 0
54 0
55 0
56 0
57 0
58 0
59 0
60 0
61 0
62 0
63 0
64 0
65 0
66 0
67 0
68 0
69 0
70 0
71 0
72 0
73 0
74 0
75 0
76 0
77 0
78 0
79 00 13
1 1
2 6
3 26
4 17
5 8
6 34
7 24
8 35
9 40
10 28
11 30
12 7
13 38
14 32
15 43
16 5
17 49
18 11
19 45
20 23
21 47
22 3
23 18
24 39
25 22
26 29
27 14
28 2
29 15
30 33
31 20
32 19
33 41
34 9
35 37
36 21
37 27
38 10
39 0
40 42
41 4
42 48
43 36
44 16
45 44
46 25
47 31
48 12
49 46
50 0
51 0
52 0
53 0
54 0
55 0
56 0
57 0
58 0
59 0
60 0
61 0
62 0
63 0
64 0
65 0
66 0
67 0
68 0
69 0
70 0
71 0
72 0
73 0
74 0
75 0
76 0
77 0
78 0
79 00 1
1 7
2 19
3 25
4 11
5 15
6 14
7 4
8 35
9 24
10 33
11 40
12 8
13 6
14 5
15 28
16 21
17 42
18 13
19 36
20 47
21 23
22 17
23 43
24 18
25 29
26 39
27 41
28 30
29 32
30 37
31 46
32 31
33 49
34 3
35 22
36 12
37 16
38 45
39 48
40 44
41 26
42 20
43 34
44 0
45 27
46 38
47 2
48 9
49 10
50 0
51 0
52 0
53 0
54 0
55 0
56 0
57 0
58 0
59 0
60 0
61 0
62 0
63 0
64 0
65 0
66 0
67 0
68 0
69 0
70 0
71 0
72 0
73 0
74 0
75 0
76 0
77 0
78 0
79 0