0 10
1 41
2 29
3 38
4 21
5 43
6 3
7 28
8 39
9 27
10 40
11 36
12 18
13 47
14 4
15 14
16 45
17 20
18 12
19 42
20 31
21 34
22 26
23 25
24 1
25 7
26 24
27 49
28 16
29 15
30 8
31 6
32 0
33 17
34 30
35 5
36 23
37 11
38 13
39 37
40 44
41 46
42 48
43 19
44 32
45 9
46 33
47 2
48 35
49 22
50 0
51 0
52 0
53 0
54 0
55 0
56 0
57 0
58 0
59 0
60 0
61 0
62 0
63 0
64 0
65 0
66 0
67 0
68 0
69 0
70 0
71 0
72 0
73 0
74 0
75 0
76 0
77 0
78 0
79 0
80 0
81 0
82 0
83 0
84 0
85 0
86 0
87 0
88 0
89 0
90 0
91 0
92 0
93 0
94 0
95 0
96 0
97 0
98 00 12
1 47
2 29
3 6
4 18
5 41
6 32
7 34
8 46
9 48
10 9
11 44
12 21
13 14
14 45
15 22
16 17
17 10
18 27
19 11
20 30
21 7
22 26
23 36
24 31
25 49
26 1
27 40
28 20
29 25
30 19
31 38
32 4
33 28
34 35
35 16
36 0
37 43
38 23
39 39
40 42
41 15
42 2
43 37
44 13
45 33
46 3
47 5
48 24
49 8
50 0
51 0
52 0
53 0
54 0
55 0
56 0
57 0
58 0
59 0
60 0
61 0
62 0
63 0
64 0
65 0
66 0
67 0
68 0
69 0
70 0
71 0
72 0
73 0
74 0
75 0
76 0
77 0
78 0
79 0
80 0
81 0
82 0
83 0
84 0
85 0
86 0
87 0
88 0
89 0
90 0
91 0
92 0
93 0
94 0
95 0
96 0
97 0
98 0