0 4
1 19
2 31
3 21
4 14
5 15
6 7
7 5
8 12
9 2
10 8
11 0
12 27
13 41
14 43
15 16
16 34
17 17
18 23
19 1
20 37
21 49
22 10
23 39
24 38
25 22
26 35
27 33
28 9
29 6
30 30
31 45
32 36
33 48
34 18
35 46
36 28
37 40
38 26
39 32
40 20
41 47
42 24
43 29
44 11
45 44
46 13
47 3
48 42
49 25
50 0
51 0
52 0
53 0
54 0
55 0
56 0
57 0
58 0
59 0
60 0
61 0
62 0
63 0
64 0
65 0
66 0
67 0
68 0
69 0
70 0
71 0
72 0
73 0
74 0
75 0
76 0
77 0
78 0
79 00 39
1 30
2 16
3 31
4 36
5 21
6 12
7 44
8 33
9 34
10 29
11 48
12 37
13 17
14 27
15 19
16 7
17 0
18 35
19 4
20 23
21 3
22 45
23 25
24 9
25 43
26 28
27 14
28 6
29 18
30 40
31 13
32 49
33 46
34 5
35 8
36 24
37 32
38 26
39 22
40 38
41 41
42 20
43 15
44 2
45 47
46 10
47 1
48 11
49 42
50 0
51 0
52 0
53 0
54 0
55 0
56 0
57 0
58 0
59 0
60 0
61 0
62 0
63 0
64 0
65 0
66 0
67 0
68 0
69 0
70 0
71 0
72 0
73 0
74 0
75 0
76 0
77 0
78 0
79 00 13
1 35
2 4
3 41
4 15
5 27
6 34
7 5
8 26
9 49
10 48
11 6
12 24
13 17
14 9
15 11
16 20
17 1
18 32
19 21
20 18
21 45
22 47
23 42
24 3
25 38
26 7
27 19
28 36
29 29
30 30
31 39
32 37
33 10
34 2
35 16
36 8
37 14
38 33
39 31
40 0
41 40
42 43
43 25
44 46
45 22
46 44
47 23
48 28
49 12