0 11
1 14
2 34
3 0
4 42
5 36
6 20
7 6
8 19
9 13
10 37
11 30
12 1
13 33
14 48
15 49
16 4
17 9
18 47
19 18
20 28
21 39
22 31
23 29
24 10
25 16
26 21
27 40
28 44
29 23
30 8
31 3
32 41
33 45
34 27
35 5
36 7
37 12
38 46
39 24
40 43
41 26
42 25
43 35
44 15
45 22
46 17
47 2
48 32
49 38
50 0
51 0
52 0
53 0
54 0
55 0
56 0
57 0
58 0
59 0
60 0
61 0
62 0
63 0
64 0
65 0
66 0
67 0
68 0
69 0
70 0
71 0
72 0
73 0
74 0
75 0
76 0
77 0
78 0
79 00 18
1 40
2 7
3 10
4 24
5 45
6 38
7 30
8 15
9 16
10 25
11 35
12 5
13 39
14 48
15 29
16 31
17 20
18 44
19 22
20 46
21 42
22 32
23 23
24 17
25 19
26 1
27 47
28 27
29 2
30 12
31 8
32 13
33 34
34 33
35 37
36 14
37 0
38 41
39 26
40 9
41 43
42 6
43 3
44 21
45 36
46 11
47 4
48 28
49 49
50 0
51 0
52 0
53 0
54 0
55 0
56 0
57 0
58 0
59 0
60 0
61 0
62 0
63 0
64 0
65 0
66 0
67 0
68 0
69 0
70 0
71 0
72 0
73 0
74 0
75 0
76 0
77 0
78 0
79 0