0 42
1 32
2 23
3 14
4 16
5 30
6 9
7 25
8 34
9 36
10 2
11 6
12 39
13 3
14 21
15 11
16 31
17 1
18 35
19 26
20 49
21 22
22 4
23 41
24 27
25 0
26 43
27 24
28 20
29 13
30 12
31 15
32 5
33 17
34 19
35 29
36 28
37 40
38 48
39 46
40 38
41 45
42 8
43 33
44 47
45 37
46 7
47 10
48 44
49 18
50 0
51 0
52 0
53 0
54 0
55 0
56 0
57 0
58 0
59 0
60 0
61 0
62 0
63 0
64 0
65 0
66 0
67 0
68 0
69 0
70 0
71 0
72 0
73 0
74 0
75 0
76 0
77 0
78 0
79 00 2
1 40
2 46
3 27
4 24
5 30
6 7
7 14
8 36
9 6
10 13
11 28
12 5
13 33
14 9
15 49
16 1
17 32
18 29
19 31
20 43
21 34
22 0
23 44
24 15
25 48
26 38
27 42
28 10
29 17
30 3
31 18
32 19
33 47
34 22
35 37
36 20
37 23
38 4
39 16
40 11
41 39
42 41
43 45
44 12
45 21
46 25
47 35
48 8
49 26
50 0
51 0
52 0
53 0
54 0
55 0
56 0
57 0
58 0
59 0
60 0
61 0
62 0
63 0
64 0
65 0
66 0
67 0
68 0
69 0
70 0
71 0
72 0
73 0
74 0
75 0
76 0
77 0
78 0
79 0