0 45
1 31
2 12
3 15
4 10
5 13
6 5
7 28
8 8
9 17
10 38
11 24
12 49
13 20
14 42
15 7
16 33
17 21
18 35
19 41
20 32
21 44
22 23
23 47
24 34
25 14
26 3
27 4
28 43
29 0
30 46
31 1
32 26
33 22
34 6
35 39
36 16
37 48
38 11
39 25
40 2
41 36
42 18
43 27
44 40
45 9
46 30
47 19
48 29
49 37
50 0
51 0
52 0
53 0
54 0
55 0
56 0
57 0
58 0
59 0
60 0
61 0
62 0
63 0
64 0
65 0
66 0
67 0
68 0
69 0
70 0
71 0
72 0
73 0
74 0
75 0
76 0
77 0
78 0
79 0
80 0
81 0
82 0
83 0
84 0
85 0
86 0
87 0
88 0
89 0
90 0
91 00 26
1 32
2 22
3 21
4 3
5 10
6 49
7 40
8 45
9 30
10 0
11 16
12 23
13 41
14 48
15 36
16 9
17 44
18 39
19 38
20 43
21 42
22 20
23 35
24 7
25 2
26 15
27 6
28 28
29 37
30 25
31 14
32 24
33 33
34 29
35 13
36 18
37 19
38 5
39 1
40 27
41 8
42 17
43 12
44 34
45 47
46 31
47 46
48 4
49 11
50 0
51 0
52 0
53 0
54 0
55 0
56 0
57 0
58 0
59 0
60 0
61 0
62 0
63 0
64 0
65 0
66 0
67 0
68 0
69 0
70 0
71 0
72 0
73 0
74 0
75 0
76 0
77 0
78 0
79 0
80 0
81 0
82 0
83 0
84 0
85 0
86 0
87 0
88 0
89 0
90 0
91 00 31
1 20
2 30
3 24
4 36
5 28
6 47
7 18
8 5
9 37
10 42
11 3
12 48
13 27
14 26
15 9
16 16
17 13
18 40
19 43
20 39
21 49
22 11
23 4
24 41
25 7
26 22
27 29
28 21
29 6
30 8
31 1
32 25
33 45
34 12
35 35
36 33
37 23
38 0
39 15
40 17
41 19
42 38
43 32
44 2
45 10
46 46
47 14
48 44
49 34
50 0
51 0
52 0
53 0
54 0
55 0
56 0
57 0
58 0
59 0
60 0
61 0
62 0
63 0
64 0
65 0
66 0
67 0
68 0
69 0
70 0
71 0
72 0
73 0
74 0
75 0
76 0
77 0
78 0
79 0
80 0
81 0
82 0
83 0
84 0
85 0
86 0
87 0
88 0
89 0
90 0
91 00 29
1 38
2 22
3 20
4 16
5 11
6 43
7 40
8 0
9 9
10 34
11 23
12 47
13 36
14 7
15 14
16 1
17 19
18 32
19 46
20 33
21 42
22 4
23 5
24 28
25 24
26 30
27 35
28 12
29 41
30 3
31 39
32 10
33 6
34 17
35 27
36 37
37 8
38 48
39 26
40 13
41 21
42 2
43 25
44 45
45 18
46 44
47 31
48 49
49 15
50 0
51 0
52 0
53 0
54 0
55 0
56 0
57 0
58 0
59 0
60 0
61 0
62 0
63 0
64 0
65 0
66 0
67 0
68 0
69 0
70 0
71 0
72 0
73 0
74 0
75 0
76 0
77 0
78 0
79 0
80 0
81 0
82 0
83 0
84 0
85 0
86 0
87 0
88 0
89 0
90 0
91 00 20
1 1
2 13
3 49
4 30
5 37
6 3
7 14
8 46
9 31
10 36
11 42
12 15
13 19
14 28
15 29
16 8
17 6
18 10
19 39
20 41
21 33
22 4
23 9
24 38
25 23
26 16
27 47
28 12
29 32
30 2
31 0
32 35
33 45
34 7
35 18
36 5
37 27
38 43
39 22
40 17
41 11
42 34
43 44
44 21
45 25
46 48
47 40
48 24
49 26
50 0
51 0
52 0
53 0
54 0
55 0
56 0
57 0
58 0
59 0
60 0
61 0
62 0
63 0
64 0
65 0
66 0
67 0
68 0
69 0
70 0
71 0
72 0
73 0
74 0
75 0
76 0
77 0
78 0
79 0
80 0
81 0
82 0
83 0
84 0
85 0
86 0
87 0
88 0
89 0
90 0
91 0