0 30
1 16
2 5
3 22
4 27
5 12
6 17
7 2
8 26
9 23
10 24
11 18
12 4
13 15
14 13
15 10
16 7
17 3
18 1
19 31
20 25
21 14
22 9
23 21
24 20
25 6
26 29
27 11
28 19
29 8
30 28
31 00 18
1 13
2 23
3 10
4 7
5 2
6 30
7 29
8 12
9 1
10 15
11 28
12 24
13 8
14 5
15 22
16 6
17 9
18 21
19 31
20 14
21 16
22 11
23 25
24 27
25 17
26 4
27 26
28 0
29 19
30 3
31 200 29
1 23
2 10
3 45
4 39
5 6
6 5
7 42
8 13
9 41
10 19
11 25
12 21
13 40
14 16
15 46
16 30
17 38
18 14
19 43
20 9
21 24
22 27
23 7
24 32
25 48
26 18
27 26
28 1
29 2
30 37
31 47
32 36
33 15
34 34
35 3
36 17
37 33
38 31
39 44
40 11
41 20
42 35
43 28
44 22
45 8
46 4
47 12
48 49
49 0