0 43
1 34
2 27
3 17
4 2
5 39
6 44
7 9
8 3
9 40
10 26
11 0
12 23
13 7
14 22
15 37
16 41
17 38
18 25
19 6
20 33
21 32
22 1
23 5
24 12
25 13
26 20
27 8
28 21
29 47
30 10
31 45
32 16
33 36
34 24
35 28
36 30
37 4
38 19
39 46
40 14
41 48
42 42
43 31
44 49
45 15
46 18
47 29
48 35
49 11
50 0
51 0
52 0
53 0
54 0
55 0
56 0
57 0
58 0
59 0
60 0
61 0
62 0
63 0
64 0
65 0
66 0
67 0
68 0
69 0
70 0
71 0
72 0
73 0
74 0
75 0
76 0
77 0
78 0
79 0
80 0
81 0
82 0
83 0
84 00 49
1 5
2 28
3 23
4 45
5 47
6 3
7 8
8 46
9 27
10 25
11 29
12 19
13 15
14 31
15 11
16 48
17 33
18 43
19 12
20 4
21 34
22 38
23 40
24 17
25 32
26 7
27 20
28 6
29 30
30 44
31 21
32 0
33 39
34 24
35 37
36 16
37 41
38 9
39 26
40 22
41 36
42 42
43 35
44 18
45 14
46 10
47 2
48 1
49 13
50 0
51 0
52 0
53 0
54 0
55 0
56 0
57 0
58 0
59 0
60 0
61 0
62 0
63 0
64 0
65 0
66 0
67 0
68 0
69 0
70 0
71 0
72 0
73 0
74 0
75 0
76 0
77 0
78 0
79 0
80 0
81 0
82 0
83 0
84 0