0 48
1 35
2 46
3 29
4 2
5 45
6 42
7 27
8 37
9 21
10 8
11 13
12 49
13 19
14 11
15 0
16 31
17 39
18 14
19 5
20 9
21 18
22 26
23 25
24 47
25 23
26 4
27 44
28 17
29 30
30 28
31 33
32 43
33 1
34 3
35 7
36 41
37 38
38 34
39 22
40 24
41 16
42 6
43 12
44 10
45 40
46 32
47 15
48 36
49 20
50 0
51 0
52 0
53 0
54 0
55 0
56 0
57 0
58 0
59 0
60 0
61 0
62 0
63 0
64 0
65 0
66 0
67 0
68 0
69 00 11
1 15
2 45
3 46
4 2
5 44
6 20
7 29
8 32
9 30
10 13
11 28
12 18
13 37
14 47
15 7
16 10
17 24
18 19
19 31
20 4
21 9
22 39
23 1
24 8
25 22
26 36
27 25
28 35
29 40
30 48
31 43
32 0
33 27
34 41
35 38
36 14
37 17
38 3
39 33
40 23
41 21
42 5
43 49
44 16
45 12
46 26
47 34
48 42
49 6
50 0
51 0
52 0
53 0
54 0
55 0
56 0
57 0
58 0
59 0
60 0
61 0
62 0
63 0
64 0
65 0
66 0
67 0
68 0
69 00 24
1 18
2 46
3 40
4 49
5 32
6 8
7 39
8 45
9 5
10 44
11 4
12 14
13 0
14 3
15 20
16 26
17 35
18 42
19 33
20 31
21 41
22 22
23 15
24 13
25 34
26 29
27 19
28 47
29 48
30 9
31 30
32 28
33 2
34 10
35 17
36 11
37 37
38 27
39 23
40 25
41 1
42 36
43 21
44 7
45 12
46 16
47 38
48 6
49 43