0 31
1 18
2 30
3 38
4 42
5 49
6 5
7 28
8 9
9 12
10 24
11 29
12 8
13 17
14 44
15 43
16 39
17 11
18 45
19 33
20 20
21 35
22 27
23 22
24 47
25 16
26 36
27 21
28 37
29 46
30 34
31 23
32 1
33 4
34 32
35 41
36 10
37 19
38 40
39 6
40 0
41 15
42 3
43 13
44 25
45 2
46 7
47 48
48 14
49 26
50 0
51 0
52 0
53 0
54 0
55 0
56 0
57 0
58 0
59 0
60 0
61 0
62 0
63 0
64 0
65 0
66 0
67 0
68 0
69 0
70 0
71 0
72 0
73 0
74 0
75 0
76 0
77 0
78 0
79 0
80 0
81 0
82 0
83 0
84 0
85 0
86 0
87 0
88 0
89 0
90 0
91 0
92 0
93 0
94 0
95 0
96 0