0 10
1 9
2 48
3 18
4 17
5 26
6 34
7 35
8 22
9 1
10 16
11 41
12 23
13 14
14 19
15 40
16 20
17 24
18 45
19 44
20 13
21 36
22 46
23 0
24 27
25 32
26 30
27 39
28 15
29 11
30 2
31 28
32 43
33 25
34 7
35 4
36 37
37 8
38 47
39 33
40 12
41 6
42 49
43 38
44 5
45 3
46 31
47 21
48 42
49 29
50 0
51 0
52 0
53 0
54 0
55 0
56 0
57 0
58 0
59 0
60 0
61 0
62 0
63 0
64 0
65 0
66 0
67 0
68 0
69 0
70 0
71 0
72 0
73 0
74 00 3
1 23
2 13
3 49
4 9
5 28
6 15
7 45
8 21
9 0
10 38
11 7
12 12
13 6
14 42
15 27
16 37
17 14
18 8
19 4
20 18
21 1
22 48
23 31
24 5
25 20
26 34
27 41
28 44
29 19
30 10
31 11
32 26
33 35
34 25
35 16
36 47
37 29
38 22
39 24
40 32
41 36
42 43
43 2
44 30
45 46
46 39
47 17
48 33
49 40
50 0
51 0
52 0
53 0
54 0
55 0
56 0
57 0
58 0
59 0
60 0
61 0
62 0
63 0
64 0
65 0
66 0
67 0
68 0
69 0
70 0
71 0
72 0
73 0
74 00 35
1 14
2 38
3 33
4 18
5 44
6 40
7 9
8 32
9 26
10 15
11 3
12 30
13 37
14 21
15 5
16 34
17 49
18 41
19 4
20 28
21 1
22 22
23 16
24 42
25 27
26 23
27 13
28 39
29 8
30 43
31 17
32 7
33 20
34 29
35 36
36 47
37 24
38 2
39 31
40 46
41 45
42 0
43 12
44 10
45 11
46 25
47 48
48 6
49 19