0 29
1 8
2 11
3 43
4 38
5 4
6 46
7 42
8 23
9 16
10 33
11 18
12 34
13 13
14 3
15 24
16 35
17 22
18 32
19 9
20 36
21 26
22 12
23 48
24 49
25 25
26 5
27 6
28 19
29 39
30 15
31 17
32 20
33 37
34 30
35 28
36 7
37 27
38 41
39 1
40 10
41 2
42 40
43 0
44 47
45 14
46 45
47 44
48 31
49 21
50 0
51 0
52 0
53 0
54 0
55 0
56 0
57 0
58 0
59 0
60 0
61 0
62 0
63 0
64 0
65 0
66 0
67 0
68 0
69 0
70 0
71 0
72 0
73 0
74 0
75 0
76 0
77 0
78 0
79 0
80 0
81 0
82 0
83 0
84 0
85 0
86 0
87 0
88 0
89 00 25
1 27
2 18
3 34
4 4
5 8
6 42
7 11
8 17
9 7
10 47
11 10
12 26
13 38
14 19
15 21
16 14
17 0
18 49
19 35
20 39
21 31
22 48
23 2
24 1
25 3
26 36
27 40
28 37
29 6
30 15
31 24
32 9
33 22
34 23
35 45
36 46
37 30
38 41
39 33
40 28
41 16
42 12
43 32
44 29
45 43
46 44
47 20
48 13
49 5
50 0
51 0
52 0
53 0
54 0
55 0
56 0
57 0
58 0
59 0
60 0
61 0
62 0
63 0
64 0
65 0
66 0
67 0
68 0
69 0
70 0
71 0
72 0
73 0
74 0
75 0
76 0
77 0
78 0
79 0
80 0
81 0
82 0
83 0
84 0
85 0
86 0
87 0
88 0
89 00 31
1 6
2 30
3 23
4 4
5 34
6 27
7 38
8 33
9 42
10 24
11 47
12 1
13 3
14 40
15 8
16 11
17 16
18 28
19 35
20 49
21 14
22 45
23 36
24 20
25 46
26 5
27 15
28 32
29 39
30 25
31 7
32 22
33 10
34 48
35 0
36 17
37 19
38 29
39 44
40 43
41 26
42 2
43 9
44 21
45 12
46 41
47 37
48 18
49 13
50 0
51 0
52 0
53 0
54 0
55 0
56 0
57 0
58 0
59 0
60 0
61 0
62 0
63 0
64 0
65 0
66 0
67 0
68 0
69 0
70 0
71 0
72 0
73 0
74 0
75 0
76 0
77 0
78 0
79 0
80 0
81 0
82 0
83 0
84 0
85 0
86 0
87 0
88 0
89 00 16
1 3
2 35
3 17
4 21
5 33
6 8
7 44
8 29
9 6
10 0
11 30
12 26
13 9
14 38
15 32
16 19
17 24
18 28
19 49
20 45
21 15
22 48
23 47
24 7
25 39
26 20
27 31
28 12
29 18
30 37
31 1
32 14
33 43
34 42
35 27
36 40
37 36
38 23
39 4
40 13
41 5
42 34
43 22
44 41
45 25
46 2
47 11
48 10
49 46
50 0
51 0
52 0
53 0
54 0
55 0
56 0
57 0
58 0
59 0
60 0
61 0
62 0
63 0
64 0
65 0
66 0
67 0
68 0
69 0
70 0
71 0
72 0
73 0
74 0
75 0
76 0
77 0
78 0
79 0
80 0
81 0
82 0
83 0
84 0
85 0
86 0
87 0
88 0
89 00 44
1 3
2 20
3 37
4 38
5 35
6 25
7 45
8 6
9 26
10 40
11 32
12 41
13 46
14 39
15 27
16 30
17 47
18 2
19 23
20 19
21 42
22 16
23 36
24 1
25 33
26 22
27 4
28 29
29 21
30 28
31 0
32 49
33 13
34 5
35 18
36 10
37 12
38 34
39 9
40 8
41 15
42 7
43 43
44 24
45 11
46 17
47 31
48 48
49 14
50 0
51 0
52 0
53 0
54 0
55 0
56 0
57 0
58 0
59 0
60 0
61 0
62 0
63 0
64 0
65 0
66 0
67 0
68 0
69 0
70 0
71 0
72 0
73 0
74 0
75 0
76 0
77 0
78 0
79 0
80 0
81 0
82 0
83 0
84 0
85 0
86 0
87 0
88 0
89 0