0 0
1 1
2 5
3 4
4 5
5 5
6 4
7 2
8 3
9 3
10 6
11 1
12 5
13 0
14 2
15 2
16 4
17 1
18 0
19 2
20 3
21 4
22 3
23 0
24 2
25 1
26 5
27 2
28 1
29 5
30 2
31 6
32 4
33 1
34 2
35 0
36 3
37 5
38 4
39 5
40 4
41 3
42 3
43 4
44 0
45 3
46 0
47 1
48 1
49 0
50 0
51 0
52 0
53 0
54 0
55 0
56 0
57 0
58 0
59 0
60 0
61 0
62 0
63 0
64 0
65 0
66 0
67 0
68 0
69 0
70 0
71 0
72 0
73 0
74 0
75 0
76 0
77 0
78 0
79 0
80 0
81 0
82 0
83 0
84 0
85 0
86 0
87 0
88 00 0
1 9
2 1
3 15
4 11
5 13
6 3
7 16
8 16
9 12
10 15
11 4
12 4
13 4
14 6
15 10
16 3
17 5
18 0
19 14
20 8
21 7
22 10
23 12
24 6
25 15
26 7
27 14
28 14
29 8
30 9
31 5
32 9
33 1
34 12
35 6
36 5
37 2
38 7
39 3
40 0
41 11
42 1
43 11
44 2
45 2
46 10
47 13
48 8
49 13
50 0
51 0
52 0
53 0
54 0
55 0
56 0
57 0
58 0
59 0
60 0
61 0
62 0
63 0
64 0
65 0
66 0
67 0
68 0
69 0
70 0
71 0
72 0
73 0
74 0
75 0
76 0
77 0
78 0
79 0
80 0
81 0
82 0
83 0
84 0
85 0
86 0
87 0
88 00 9
1 7
2 7
3 0
4 1
5 6
6 7
7 4
8 5
9 3
10 0
11 6
12 8
13 6
14 4
15 0
16 7
17 9
18 5
19 4
20 5
21 2
22 1
23 9
24 4
25 1
26 1
27 3
28 8
29 0
30 4
31 8
32 1
33 5
34 3
35 6
36 3
37 2
38 9
39 2
40 2
41 8
42 5
43 9
44 0
45 3
46 7
47 2
48 8
49 6