0 39
1 47
2 37
3 2
4 5
5 23
6 11
7 18
8 12
9 32
10 6
11 46
12 4
13 17
14 9
15 40
16 41
17 24
18 30
19 13
20 22
21 29
22 28
23 48
24 42
25 38
26 26
27 3
28 1
29 25
30 34
31 43
32 7
33 45
34 0
35 16
36 27
37 33
38 35
39 44
40 36
41 31
42 49
43 21
44 19
45 14
46 15
47 8
48 10
49 20
50 0
51 0
52 0
53 0
54 0
55 0
56 0
57 0
58 0
59 0
60 0
61 0
62 0
63 0
64 0
65 0
66 0
67 0
68 0
69 0
70 0
71 0
72 0
73 0
74 0
75 0
76 0
77 0
78 0
79 0
80 0
81 0
82 0
83 0
84 0
85 0
86 0
87 00 13
1 16
2 31
3 42
4 6
5 12
6 38
7 8
8 47
9 17
10 23
11 24
12 28
13 1
14 26
15 32
16 19
17 18
18 46
19 43
20 20
21 37
22 15
23 22
24 30
25 33
26 35
27 0
28 2
29 9
30 5
31 7
32 29
33 4
34 36
35 34
36 48
37 49
38 11
39 40
40 3
41 44
42 39
43 10
44 41
45 45
46 14
47 27
48 21
49 25
50 0
51 0
52 0
53 0
54 0
55 0
56 0
57 0
58 0
59 0
60 0
61 0
62 0
63 0
64 0
65 0
66 0
67 0
68 0
69 0
70 0
71 0
72 0
73 0
74 0
75 0
76 0
77 0
78 0
79 0
80 0
81 0
82 0
83 0
84 0
85 0
86 0
87 0