0 39
1 32
2 20
3 27
4 26
5 29
6 9
7 8
8 11
9 46
10 21
11 14
12 30
13 17
14 22
15 3
16 12
17 13
18 16
19 24
20 25
21 34
22 28
23 18
24 40
25 33
26 47
27 42
28 35
29 41
30 49
31 23
32 45
33 37
34 6
35 10
36 19
37 0
38 5
39 15
40 38
41 48
42 44
43 43
44 2
45 4
46 36
47 1
48 7
49 31
50 0
51 0
52 0
53 0
54 0
55 0
56 0
57 0
58 0
59 0
60 0
61 0
62 0
63 0
64 0
65 0
66 0
67 0
68 0
69 0
70 0
71 0
72 0
73 0
74 0
75 0
76 0
77 0
78 0
79 0
80 0
81 0
82 0
83 0
84 0
85 0
86 0
87 0
88 0
89 0
90 0
91 0
92 0
93 0
94 0
95 0
96 0
97 0
98 00 44
1 16
2 19
3 5
4 11
5 41
6 27
7 29
8 8
9 2
10 7
11 45
12 3
13 1
14 6
15 48
16 31
17 0
18 4
19 20
20 22
21 35
22 42
23 32
24 14
25 15
26 33
27 47
28 46
29 17
30 24
31 21
32 34
33 13
34 12
35 36
36 30
37 40
38 25
39 18
40 49
41 28
42 39
43 26
44 9
45 43
46 38
47 37
48 23
49 10
50 0
51 0
52 0
53 0
54 0
55 0
56 0
57 0
58 0
59 0
60 0
61 0
62 0
63 0
64 0
65 0
66 0
67 0
68 0
69 0
70 0
71 0
72 0
73 0
74 0
75 0
76 0
77 0
78 0
79 0
80 0
81 0
82 0
83 0
84 0
85 0
86 0
87 0
88 0
89 0
90 0
91 0
92 0
93 0
94 0
95 0
96 0
97 0
98 0