0 6
1 10
2 13
3 34
4 45
5 24
6 11
7 14
8 35
9 38
10 31
11 44
12 48
13 5
14 26
15 19
16 2
17 15
18 43
19 36
20 39
21 12
22 0
23 41
24 46
25 25
26 16
27 28
28 18
29 40
30 30
31 27
32 37
33 47
34 3
35 8
36 7
37 9
38 33
39 42
40 29
41 32
42 17
43 21
44 4
45 49
46 23
47 20
48 1
49 22
50 0
51 0
52 0
53 0
54 0
55 0
56 0
57 0
58 0
59 0
60 0
61 0
62 0
63 0
64 0
65 0
66 0
67 0
68 0
69 0
70 0
71 0
72 0
73 0
74 0
75 0
76 0
77 0
78 0
79 0
80 0
81 0
82 0
83 0
84 0
85 0
86 0
87 0
88 0
89 0
90 0
91 0
92 0
93 0
94 0
95 0
96 0
97 0
98 00 31
1 14
2 47
3 8
4 17
5 30
6 15
7 34
8 12
9 11
10 13
11 2
12 25
13 18
14 28
15 6
16 35
17 23
18 29
19 22
20 5
21 40
22 1
23 46
24 32
25 37
26 26
27 45
28 19
29 24
30 4
31 9
32 21
33 20
34 3
35 27
36 0
37 10
38 39
39 48
40 49
41 44
42 33
43 41
44 36
45 7
46 43
47 16
48 38
49 42
50 0
51 0
52 0
53 0
54 0
55 0
56 0
57 0
58 0
59 0
60 0
61 0
62 0
63 0
64 0
65 0
66 0
67 0
68 0
69 0
70 0
71 0
72 0
73 0
74 0
75 0
76 0
77 0
78 0
79 0
80 0
81 0
82 0
83 0
84 0
85 0
86 0
87 0
88 0
89 0
90 0
91 0
92 0
93 0
94 0
95 0
96 0
97 0
98 00 29
1 48
2 5
3 42
4 15
5 0
6 32
7 10
8 3
9 7
10 19
11 12
12 25
13 22
14 43
15 9
16 40
17 4
18 8
19 33
20 14
21 16
22 17
23 18
24 21
25 46
26 24
27 6
28 30
29 23
30 20
31 26
32 13
33 28
34 2
35 34
36 27
37 45
38 44
39 36
40 31
41 37
42 47
43 1
44 38
45 11
46 41
47 49
48 39
49 35
50 0
51 0
52 0
53 0
54 0
55 0
56 0
57 0
58 0
59 0
60 0
61 0
62 0
63 0
64 0
65 0
66 0
67 0
68 0
69 0
70 0
71 0
72 0
73 0
74 0
75 0
76 0
77 0
78 0
79 0
80 0
81 0
82 0
83 0
84 0
85 0
86 0
87 0
88 0
89 0
90 0
91 0
92 0
93 0
94 0
95 0
96 0
97 0
98 00 11
1 39
2 22
3 13
4 42
5 36
6 25
7 48
8 41
9 14
10 28
11 34
12 38
13 9
14 17
15 32
16 46
17 45
18 4
19 19
20 16
21 10
22 29
23 8
24 24
25 27
26 33
27 1
28 40
29 31
30 43
31 47
32 49
33 3
34 26
35 7
36 21
37 2
38 5
39 44
40 15
41 6
42 23
43 0
44 12
45 37
46 35
47 30
48 20
49 18
50 0
51 0
52 0
53 0
54 0
55 0
56 0
57 0
58 0
59 0
60 0
61 0
62 0
63 0
64 0
65 0
66 0
67 0
68 0
69 0
70 0
71 0
72 0
73 0
74 0
75 0
76 0
77 0
78 0
79 0
80 0
81 0
82 0
83 0
84 0
85 0
86 0
87 0
88 0
89 0
90 0
91 0
92 0
93 0
94 0
95 0
96 0
97 0
98 00 16
1 11
2 28
3 36
4 10
5 47
6 17
7 49
8 42
9 44
10 13
11 21
12 5
13 48
14 6
15 33
16 41
17 12
18 14
19 34
20 37
21 27
22 4
23 39
24 1
25 43
26 23
27 45
28 2
29 26
30 18
31 15
32 20
33 38
34 31
35 9
36 30
37 8
38 35
39 46
40 40
41 19
42 32
43 7
44 25
45 0
46 3
47 24
48 29
49 22
50 0
51 0
52 0
53 0
54 0
55 0
56 0
57 0
58 0
59 0
60 0
61 0
62 0
63 0
64 0
65 0
66 0
67 0
68 0
69 0
70 0
71 0
72 0
73 0
74 0
75 0
76 0
77 0
78 0
79 0
80 0
81 0
82 0
83 0
84 0
85 0
86 0
87 0
88 0
89 0
90 0
91 0
92 0
93 0
94 0
95 0
96 0
97 0
98 0