0 16
1 29
2 0
3 42
4 2
5 1
6 22
7 44
8 35
9 38
10 41
11 21
12 6
13 3
14 8
15 24
16 40
17 32
18 37
19 14
20 39
21 48
22 47
23 23
24 26
25 36
26 12
27 17
28 43
29 27
30 33
31 7
32 11
33 15
34 20
35 25
36 5
37 34
38 19
39 45
40 9
41 18
42 31
43 10
44 28
45 30
46 4
47 49
48 46
49 13
50 0
51 0
52 0
53 0
54 0
55 0
56 0
57 0
58 0
59 0
60 0
61 0
62 0
63 0
64 0
65 0
66 0
67 0
68 0
69 0
70 0
71 0
72 0
73 0
74 0
75 0
76 0
77 0
78 0
79 0
80 0
81 0
82 0
83 0
84 0
85 0
86 0
87 0
88 0
89 0
90 0
91 0
92 0
93 0
94 0
95 0
96 0
97 0
98 0