0 8
1 30
2 26
3 43
4 16
5 48
6 40
7 7
8 10
9 46
10 36
11 4
12 2
13 45
14 3
15 35
16 25
17 28
18 29
19 38
20 12
21 23
22 37
23 6
24 24
25 34
26 9
27 20
28 32
29 27
30 5
31 18
32 49
33 22
34 17
35 42
36 19
37 47
38 39
39 44
40 14
41 41
42 33
43 11
44 21
45 1
46 31
47 0
48 15
49 13
50 0
51 0
52 0
53 0
54 0
55 0
56 0
57 0
58 0
59 0
60 0
61 0
62 0
63 0
64 0
65 0
66 0
67 0
68 0
69 0
70 0
71 0
72 0
73 0
74 0
75 0
76 0
77 0
78 0
79 00 7
1 27
2 4
3 8
4 13
5 49
6 47
7 14
8 36
9 22
10 48
11 26
12 11
13 16
14 17
15 33
16 45
17 15
18 23
19 35
20 46
21 2
22 5
23 3
24 34
25 43
26 0
27 37
28 9
29 42
30 12
31 21
32 41
33 40
34 18
35 30
36 6
37 24
38 19
39 20
40 38
41 31
42 1
43 25
44 10
45 39
46 44
47 32
48 28
49 29
50 0
51 0
52 0
53 0
54 0
55 0
56 0
57 0
58 0
59 0
60 0
61 0
62 0
63 0
64 0
65 0
66 0
67 0
68 0
69 0
70 0
71 0
72 0
73 0
74 0
75 0
76 0
77 0
78 0
79 00 10
1 37
2 13
3 44
4 4
5 49
6 3
7 6
8 47
9 16
10 29
11 17
12 35
13 45
14 0
15 15
16 1
17 5
18 31
19 41
20 27
21 12
22 36
23 14
24 43
25 20
26 39
27 22
28 19
29 42
30 32
31 26
32 40
33 24
34 9
35 23
36 2
37 8
38 25
39 7
40 46
41 21
42 28
43 11
44 38
45 48
46 33
47 30
48 18
49 34