0 43
1 45
2 18
3 22
4 35
5 5
6 39
7 16
8 29
9 21
10 9
11 17
12 48
13 20
14 47
15 6
16 30
17 19
18 2
19 44
20 31
21 10
22 37
23 38
24 15
25 0
26 32
27 4
28 11
29 28
30 3
31 34
32 23
33 8
34 27
35 36
36 24
37 7
38 1
39 41
40 40
41 13
42 42
43 26
44 33
45 49
46 46
47 14
48 12
49 25
50 0
51 0
52 0
53 0
54 0
55 0
56 0
57 0
58 0
59 0
60 0
61 0
62 0
63 0
64 0
65 0
66 0
67 0
68 0
69 0
70 0
71 0
72 0
73 0
74 0
75 0
76 0
77 0
78 0
79 0
80 0
81 0
82 0
83 0
84 0
85 0
86 0
87 0
88 0
89 00 12
1 39
2 11
3 20
4 17
5 24
6 10
7 49
8 21
9 36
10 5
11 34
12 4
13 29
14 18
15 3
16 37
17 8
18 0
19 30
20 27
21 9
22 26
23 46
24 44
25 23
26 15
27 28
28 6
29 40
30 41
31 45
32 47
33 2
34 19
35 38
36 48
37 7
38 42
39 31
40 16
41 25
42 14
43 33
44 13
45 1
46 32
47 43
48 22
49 35
50 0
51 0
52 0
53 0
54 0
55 0
56 0
57 0
58 0
59 0
60 0
61 0
62 0
63 0
64 0
65 0
66 0
67 0
68 0
69 0
70 0
71 0
72 0
73 0
74 0
75 0
76 0
77 0
78 0
79 0
80 0
81 0
82 0
83 0
84 0
85 0
86 0
87 0
88 0
89 00 32
1 1
2 33
3 39
4 42
5 16
6 13
7 15
8 25
9 3
10 35
11 40
12 18
13 31
14 28
15 48
16 26
17 8
18 45
19 4
20 6
21 47
22 19
23 12
24 43
25 27
26 5
27 36
28 21
29 9
30 20
31 41
32 7
33 11
34 38
35 10
36 49
37 23
38 24
39 2
40 34
41 29
42 22
43 46
44 14
45 37
46 30
47 17
48 0
49 44