0 44
1 30
2 19
3 31
4 25
5 9
6 47
7 16
8 26
9 17
10 33
11 46
12 38
13 37
14 20
15 39
16 21
17 12
18 3
19 49
20 18
21 6
22 7
23 34
24 13
25 2
26 15
27 32
28 4
29 23
30 27
31 0
32 1
33 43
34 35
35 48
36 10
37 8
38 11
39 29
40 40
41 41
42 42
43 22
44 28
45 5
46 24
47 14
48 36
49 45
50 0
51 0
52 0
53 0
54 0
55 0
56 0
57 0
58 0
59 0
60 0
61 0
62 0
63 0
64 0
65 0
66 0
67 0
68 0
69 0
70 0
71 0
72 0
73 0
74 0
75 0
76 0
77 0
78 0
79 00 27
1 36
2 14
3 20
4 11
5 29
6 33
7 41
8 34
9 16
10 18
11 17
12 43
13 7
14 48
15 46
16 3
17 0
18 2
19 13
20 31
21 24
22 38
23 22
24 21
25 47
26 10
27 19
28 9
29 6
30 26
31 32
32 45
33 37
34 25
35 15
36 4
37 35
38 23
39 42
40 12
41 39
42 5
43 40
44 30
45 1
46 44
47 8
48 28
49 49
50 0
51 0
52 0
53 0
54 0
55 0
56 0
57 0
58 0
59 0
60 0
61 0
62 0
63 0
64 0
65 0
66 0
67 0
68 0
69 0
70 0
71 0
72 0
73 0
74 0
75 0
76 0
77 0
78 0
79 00 19
1 40
2 39
3 37
4 48
5 16
6 12
7 17
8 46
9 25
10 29
11 24
12 38
13 14
14 21
15 20
16 27
17 9
18 15
19 11
20 0
21 1
22 6
23 31
24 41
25 5
26 28
27 3
28 7
29 35
30 32
31 44
32 4
33 26
34 2
35 49
36 18
37 13
38 34
39 30
40 43
41 8
42 23
43 42
44 33
45 36
46 45
47 10
48 22
49 47