0 3
1 19
2 44
3 6
4 42
5 0
6 45
7 24
8 16
9 25
10 5
11 4
12 27
13 13
14 41
15 23
16 10
17 26
18 33
19 28
20 17
21 11
22 14
23 36
24 43
25 31
26 49
27 38
28 9
29 47
30 20
31 18
32 35
33 37
34 22
35 7
36 1
37 8
38 39
39 30
40 29
41 32
42 15
43 2
44 34
45 21
46 40
47 48
48 46
49 12
50 0
51 0
52 0
53 0
54 0
55 0
56 0
57 0
58 0
59 0
60 0
61 0
62 0
63 0
64 0
65 0
66 0
67 0
68 0
69 0
70 0
71 0
72 0
73 0
74 0
75 0
76 0
77 0
78 0
79 00 37
1 3
2 43
3 15
4 33
5 7
6 18
7 12
8 46
9 20
10 14
11 23
12 49
13 38
14 24
15 28
16 48
17 45
18 27
19 21
20 36
21 44
22 22
23 35
24 25
25 0
26 5
27 17
28 34
29 1
30 47
31 11
32 19
33 42
34 39
35 40
36 10
37 16
38 26
39 29
40 30
41 6
42 4
43 8
44 9
45 32
46 31
47 13
48 41
49 2
50 0
51 0
52 0
53 0
54 0
55 0
56 0
57 0
58 0
59 0
60 0
61 0
62 0
63 0
64 0
65 0
66 0
67 0
68 0
69 0
70 0
71 0
72 0
73 0
74 0
75 0
76 0
77 0
78 0
79 00 39
1 44
2 26
3 24
4 40
5 21
6 14
7 11
8 7
9 9
10 17
11 20
12 36
13 35
14 49
15 34
16 6
17 38
18 10
19 2
20 4
21 33
22 25
23 41
24 47
25 28
26 48
27 23
28 43
29 5
30 12
31 15
32 0
33 45
34 19
35 3
36 22
37 30
38 32
39 29
40 1
41 37
42 16
43 8
44 18
45 27
46 42
47 46
48 31
49 13