0 44
1 41
2 5
3 36
4 40
5 31
6 13
7 27
8 23
9 33
10 14
11 39
12 12
13 43
14 46
15 49
16 37
17 24
18 17
19 2
20 20
21 28
22 42
23 7
24 11
25 45
26 47
27 6
28 16
29 26
30 25
31 22
32 30
33 10
34 4
35 1
36 35
37 34
38 9
39 32
40 15
41 38
42 8
43 48
44 19
45 0
46 3
47 21
48 29
49 18
50 0
51 0
52 0
53 0
54 0
55 0
56 0
57 0
58 0
59 0
60 0
61 0
62 0
63 0
64 0
65 0
66 0
67 0
68 0
69 0
70 0
71 0
72 0
73 0
74 0
75 0
76 0
77 0
78 0
79 00 21
1 1
2 33
3 24
4 42
5 29
6 40
7 7
8 2
9 26
10 46
11 5
12 41
13 0
14 16
15 49
16 23
17 4
18 12
19 25
20 19
21 8
22 27
23 28
24 11
25 9
26 32
27 10
28 18
29 14
30 3
31 38
32 36
33 39
34 44
35 15
36 43
37 34
38 17
39 20
40 31
41 37
42 47
43 6
44 35
45 13
46 30
47 48
48 45
49 22
50 0
51 0
52 0
53 0
54 0
55 0
56 0
57 0
58 0
59 0
60 0
61 0
62 0
63 0
64 0
65 0
66 0
67 0
68 0
69 0
70 0
71 0
72 0
73 0
74 0
75 0
76 0
77 0
78 0
79 00 28
1 33
2 21
3 1
4 44
5 29
6 12
7 14
8 3
9 30
10 22
11 9
12 0
13 5
14 8
15 34
16 48
17 45
18 2
19 25
20 13
21 46
22 37
23 32
24 49
25 40
26 18
27 35
28 24
29 17
30 15
31 43
32 23
33 36
34 4
35 42
36 41
37 26
38 39
39 27
40 16
41 7
42 20
43 6
44 47
45 31
46 10
47 19
48 11
49 38
50 0
51 0
52 0
53 0
54 0
55 0
56 0
57 0
58 0
59 0
60 0
61 0
62 0
63 0
64 0
65 0
66 0
67 0
68 0
69 0
70 0
71 0
72 0
73 0
74 0
75 0
76 0
77 0
78 0
79 00 33
1 39
2 17
3 34
4 2
5 43
6 48
7 3
8 19
9 20
10 1
11 13
12 35
13 25
14 15
15 44
16 26
17 5
18 23
19 45
20 8
21 38
22 36
23 14
24 21
25 30
26 16
27 28
28 41
29 0
30 6
31 12
32 46
33 49
34 7
35 47
36 31
37 4
38 42
39 10
40 32
41 22
42 18
43 9
44 11
45 37
46 24
47 27
48 29
49 40
50 0
51 0
52 0
53 0
54 0
55 0
56 0
57 0
58 0
59 0
60 0
61 0
62 0
63 0
64 0
65 0
66 0
67 0
68 0
69 0
70 0
71 0
72 0
73 0
74 0
75 0
76 0
77 0
78 0
79 00 20
1 12
2 38
3 11
4 16
5 6
6 47
7 49
8 27
9 7
10 17
11 41
12 5
13 36
14 21
15 2
16 14
17 0
18 48
19 46
20 9
21 30
22 13
23 35
24 23
25 3
26 42
27 25
28 4
29 37
30 44
31 39
32 43
33 1
34 45
35 28
36 15
37 29
38 8
39 10
40 24
41 31
42 33
43 26
44 34
45 32
46 40
47 22
48 19
49 18
50 0
51 0
52 0
53 0
54 0
55 0
56 0
57 0
58 0
59 0
60 0
61 0
62 0
63 0
64 0
65 0
66 0
67 0
68 0
69 0
70 0
71 0
72 0
73 0
74 0
75 0
76 0
77 0
78 0
79 0