0 31
1 36
2 43
3 19
4 26
5 29
6 7
7 24
8 17
9 20
10 12
11 22
12 15
13 30
14 49
15 46
16 35
17 3
18 2
19 6
20 41
21 0
22 37
23 25
24 16
25 14
26 32
27 18
28 21
29 44
30 38
31 27
32 11
33 48
34 10
35 9
36 1
37 42
38 45
39 5
40 39
41 34
42 23
43 47
44 28
45 13
46 8
47 4
48 40
49 33
50 0
51 0
52 0
53 0
54 0
55 0
56 0
57 0
58 0
59 0
60 0
61 0
62 0
63 0
64 0
65 0
66 0
67 0
68 0
69 0
70 0
71 0
72 0
73 0
74 0
75 0
76 0
77 0
78 0
79 0
80 0
81 0
82 0
83 0
84 0
85 0
86 0
87 0
88 0
89 0
90 0
91 0
92 0
93 0
94 0
95 0
96 0
97 0
98 0