0 17
1 5
2 2
3 6
4 25
5 30
6 28
7 1
8 10
9 35
10 4
11 44
12 39
13 34
14 11
15 15
16 36
17 18
18 14
19 37
20 16
21 32
22 0
23 46
24 33
25 27
26 20
27 38
28 9
29 3
30 42
31 24
32 7
33 26
34 31
35 29
36 19
37 48
38 12
39 23
40 41
41 47
42 43
43 8
44 49
45 45
46 13
47 40
48 22
49 21
50 0
51 0
52 0
53 0
54 0
55 0
56 0
57 0
58 0
59 0
60 0
61 0
62 0
63 0
64 0
65 0
66 0
67 0
68 0
69 0
70 0
71 0
72 0
73 0
74 00 36
1 9
2 1
3 42
4 27
5 39
6 13
7 26
8 20
9 21
10 31
11 3
12 28
13 46
14 30
15 10
16 44
17 41
18 37
19 7
20 0
21 18
22 6
23 23
24 11
25 29
26 40
27 5
28 24
29 2
30 32
31 12
32 8
33 16
34 35
35 17
36 25
37 45
38 43
39 34
40 14
41 22
42 47
43 38
44 15
45 48
46 49
47 33
48 19
49 4
50 0
51 0
52 0
53 0
54 0
55 0
56 0
57 0
58 0
59 0
60 0
61 0
62 0
63 0
64 0
65 0
66 0
67 0
68 0
69 0
70 0
71 0
72 0
73 0
74 0