0 8
1 3
2 2
3 4
4 3
5 7
6 2
7 2
8 6
9 1
10 0
11 1
12 7
13 0
14 2
15 6
16 3
17 5
18 2
19 7
20 7
21 4
22 5
23 7
24 1
25 6
26 5
27 6
28 6
29 7
30 0
31 5
32 8
33 4
34 6
35 0
36 4
37 0
38 4
39 1
40 1
41 1
42 3
43 2
44 3
45 5
46 3
47 4
48 0
49 5
50 0
51 0
52 0
53 0
54 0
55 0
56 0
57 0
58 0
59 0
60 0
61 0
62 0
63 0
64 0
65 0
66 0
67 0
68 0
69 0
70 0
71 0
72 0
73 0
74 0
75 0
76 0
77 0
78 0
79 0
80 0
81 0
82 0
83 0
84 0
85 0
86 0
87 0
88 0
89 0
90 0
91 0
92 0
93 00 5
1 8
2 2
3 1
4 4
5 0
6 5
7 2
8 5
9 8
10 5
11 0
12 0
13 7
14 4
15 7
16 1
17 1
18 0
19 1
20 5
21 1
22 2
23 3
24 5
25 2
26 2
27 7
28 3
29 6
30 3
31 2
32 7
33 7
34 6
35 4
36 4
37 6
38 1
39 6
40 6
41 7
42 4
43 6
44 4
45 0
46 0
47 3
48 3
49 3
50 0
51 0
52 0
53 0
54 0
55 0
56 0
57 0
58 0
59 0
60 0
61 0
62 0
63 0
64 0
65 0
66 0
67 0
68 0
69 0
70 0
71 0
72 0
73 0
74 0
75 0
76 0
77 0
78 0
79 0
80 0
81 0
82 0
83 0
84 0
85 0
86 0
87 0
88 0
89 0
90 0
91 0
92 0
93 00 6
1 3
2 3
3 6
4 2
5 0
6 2
7 5
8 1
9 4
10 5
11 4
12 3
13 1
14 4
15 4
16 3
17 0
18 4
19 3
20 2
21 1
22 0
23 5
24 2
25 5
26 2
27 1
28 0
29 1
30 0
31 0
32 5
33 6
34 1
35 6
36 4
37 3
38 2
39 6
40 6
41 2
42 6
43 5
44 0
45 3
46 4
47 7
48 5
49 1