0 17
1 9
2 15
3 22
4 14
5 7
6 15
7 19
8 13
9 1
10 22
11 14
12 11
13 2
14 20
15 4
16 21
17 6
18 2
19 7
20 11
21 8
22 4
23 0
24 13
25 18
26 23
27 19
28 3
29 16
30 6
31 20
32 8
33 5
34 12
35 16
36 0
37 24
38 24
39 17
40 23
41 18
42 12
43 10
44 21
45 5
46 9
47 1
48 3
49 10
50 0
51 0
52 0
53 0
54 0
55 0
56 0
57 0
58 0
59 0
60 0
61 0
62 0
63 0
64 0
65 0
66 0
67 0
68 0
69 0
70 0
71 0
72 0
73 0
74 0
75 0
76 0
77 0
78 0
79 0
80 0
81 00 9
1 4
2 23
3 20
4 14
5 15
6 16
7 12
8 19
9 2
10 24
11 17
12 7
13 18
14 18
15 5
16 10
17 2
18 3
19 21
20 6
21 7
22 17
23 13
24 11
25 0
26 11
27 6
28 23
29 22
30 20
31 19
32 8
33 1
34 12
35 24
36 3
37 10
38 22
39 0
40 15
41 16
42 21
43 9
44 13
45 5
46 4
47 1
48 14
49 8
50 0
51 0
52 0
53 0
54 0
55 0
56 0
57 0
58 0
59 0
60 0
61 0
62 0
63 0
64 0
65 0
66 0
67 0
68 0
69 0
70 0
71 0
72 0
73 0
74 0
75 0
76 0
77 0
78 0
79 0
80 0
81 00 2
1 19
2 14
3 13
4 6
5 21
6 14
7 15
8 1
9 12
10 11
11 18
12 23
13 2
14 16
15 7
16 17
17 13
18 5
19 11
20 8
21 5
22 20
23 3
24 3
25 20
26 18
27 1
28 24
29 22
30 4
31 0
32 6
33 19
34 23
35 16
36 17
37 7
38 0
39 8
40 10
41 9
42 15
43 9
44 21
45 10
46 4
47 22
48 12
49 24