0 38
1 37
2 2
3 14
4 6
5 35
6 26
7 8
8 22
9 39
10 44
11 5
12 31
13 10
14 11
15 20
16 43
17 32
18 4
19 25
20 3
21 30
22 46
23 40
24 18
25 41
26 29
27 42
28 28
29 34
30 45
31 17
32 0
33 16
34 27
35 33
36 15
37 7
38 49
39 23
40 24
41 48
42 47
43 36
44 21
45 1
46 19
47 9
48 13
49 12
50 0
51 0
52 0
53 0
54 0
55 0
56 0
57 0
58 0
59 0
60 0
61 0
62 0
63 0
64 0
65 0
66 0
67 0
68 0
69 0
70 0
71 0
72 0
73 0
74 0
75 0
76 0
77 0
78 0
79 0
80 0
81 0
82 0
83 0
84 0
85 0
86 0
87 0
88 0
89 0
90 0
91 0
92 0
93 0
94 0
95 0
96 0
97 0
98 00 32
1 39
2 13
3 10
4 48
5 33
6 45
7 29
8 28
9 34
10 6
11 24
12 38
13 11
14 2
15 23
16 22
17 40
18 49
19 8
20 27
21 4
22 43
23 21
24 14
25 36
26 17
27 44
28 41
29 37
30 31
31 15
32 35
33 47
34 3
35 12
36 46
37 20
38 7
39 42
40 26
41 5
42 25
43 16
44 9
45 18
46 19
47 1
48 0
49 30
50 0
51 0
52 0
53 0
54 0
55 0
56 0
57 0
58 0
59 0
60 0
61 0
62 0
63 0
64 0
65 0
66 0
67 0
68 0
69 0
70 0
71 0
72 0
73 0
74 0
75 0
76 0
77 0
78 0
79 0
80 0
81 0
82 0
83 0
84 0
85 0
86 0
87 0
88 0
89 0
90 0
91 0
92 0
93 0
94 0
95 0
96 0
97 0
98 0