0 48
1 20
2 2
3 24
4 9
5 12
6 25
7 42
8 44
9 23
10 8
11 4
12 18
13 6
14 29
15 16
16 5
17 34
18 0
19 47
20 27
21 26
22 39
23 45
24 41
25 15
26 43
27 22
28 35
29 13
30 46
31 28
32 36
33 3
34 7
35 11
36 19
37 38
38 49
39 1
40 32
41 30
42 33
43 14
44 10
45 17
46 21
47 40
48 31
49 37
50 0
51 0
52 0
53 0
54 0
55 0
56 0
57 0
58 0
59 0
60 0
61 0
62 0
63 0
64 0
65 0
66 0
67 0
68 0
69 0
70 0
71 0
72 0
73 0
74 0
75 0
76 0
77 0
78 0
79 0
80 0
81 0
82 0
83 0
84 0
85 0
86 0
87 0
88 0
89 00 22
1 10
2 21
3 48
4 29
5 2
6 30
7 14
8 40
9 34
10 4
11 0
12 43
13 35
14 33
15 47
16 8
17 15
18 11
19 23
20 9
21 32
22 37
23 16
24 18
25 26
26 28
27 6
28 24
29 12
30 25
31 39
32 49
33 5
34 44
35 19
36 1
37 45
38 27
39 46
40 3
41 7
42 38
43 13
44 17
45 41
46 20
47 31
48 36
49 42
50 0
51 0
52 0
53 0
54 0
55 0
56 0
57 0
58 0
59 0
60 0
61 0
62 0
63 0
64 0
65 0
66 0
67 0
68 0
69 0
70 0
71 0
72 0
73 0
74 0
75 0
76 0
77 0
78 0
79 0
80 0
81 0
82 0
83 0
84 0
85 0
86 0
87 0
88 0
89 00 36
1 37
2 29
3 7
4 12
5 35
6 40
7 3
8 42
9 34
10 38
11 6
12 46
13 33
14 41
15 10
16 16
17 47
18 19
19 49
20 0
21 25
22 8
23 1
24 45
25 13
26 14
27 30
28 24
29 28
30 18
31 32
32 26
33 31
34 27
35 11
36 22
37 2
38 15
39 43
40 23
41 21
42 48
43 39
44 17
45 4
46 5
47 9
48 44
49 20