0 6
1 24
2 45
3 44
4 19
5 33
6 5
7 25
8 3
9 48
10 1
11 49
12 4
13 31
14 20
15 43
16 7
17 2
18 41
19 0
20 29
21 34
22 46
23 42
24 11
25 22
26 10
27 38
28 40
29 16
30 23
31 27
32 35
33 21
34 28
35 8
36 36
37 14
38 30
39 26
40 37
41 9
42 39
43 18
44 32
45 12
46 13
47 47
48 15
49 17
50 0
51 0
52 0
53 0
54 0
55 0
56 0
57 0
58 0
59 0
60 0
61 0
62 0
63 0
64 0
65 0
66 0
67 0
68 0
69 0
70 0
71 0
72 0
73 0
74 0
75 0
76 0
77 0
78 0
79 0
80 0
81 0
82 0
83 0
84 0
85 0
86 0
87 0
88 0
89 00 14
1 28
2 19
3 16
4 2
5 48
6 36
7 41
8 12
9 18
10 38
11 27
12 46
13 17
14 9
15 47
16 30
17 11
18 6
19 29
20 39
21 49
22 25
23 10
24 4
25 44
26 21
27 23
28 45
29 31
30 8
31 24
32 22
33 42
34 20
35 34
36 32
37 35
38 37
39 26
40 3
41 7
42 1
43 15
44 5
45 0
46 13
47 33
48 40
49 43
50 0
51 0
52 0
53 0
54 0
55 0
56 0
57 0
58 0
59 0
60 0
61 0
62 0
63 0
64 0
65 0
66 0
67 0
68 0
69 0
70 0
71 0
72 0
73 0
74 0
75 0
76 0
77 0
78 0
79 0
80 0
81 0
82 0
83 0
84 0
85 0
86 0
87 0
88 0
89 0