0 24
1 49
2 40
3 28
4 13
5 39
6 31
7 2
8 5
9 37
10 30
11 25
12 27
13 34
14 32
15 8
16 12
17 11
18 45
19 41
20 3
21 38
22 23
23 16
24 9
25 26
26 10
27 4
28 46
29 42
30 48
31 14
32 44
33 22
34 33
35 21
36 15
37 36
38 18
39 17
40 43
41 35
42 29
43 6
44 19
45 20
46 47
47 0
48 7
49 10 2
1 13
2 15
3 4
4 7
5 10
6 9
7 5
8 1
9 11
10 13
11 12
12 14
13 0
14 14
15 4
16 7
17 9
18 8
19 7
20 0
21 16
22 12
23 6
24 5
25 2
26 3
27 12
28 1
29 14
30 8
31 6
32 9
33 3
34 5
35 4
36 2
37 16
38 11
39 15
40 8
41 11
42 13
43 10
44 15
45 10
46 6
47 3
48 0
49 10 1
1 2
2 0
3 2
4 5
5 2
6 0
7 5
8 4
9 1
10 5
11 2
12 1
13 6
14 5
15 5
16 3
17 4
18 4
19 4
20 0
21 1
22 3
23 3
24 1
25 2
26 3
27 6
28 0
29 6
30 3
31 5
32 1
33 3
34 0
35 4
36 1
37 7
38 0
39 4
40 6
41 6
42 0
43 6
44 3
45 4
46 5
47 6
48 2
49 2