0 25
1 32
2 10
3 44
4 33
5 28
6 38
7 6
8 23
9 45
10 13
11 42
12 35
13 29
14 26
15 34
16 5
17 48
18 3
19 40
20 39
21 1
22 12
23 37
24 7
25 30
26 49
27 14
28 31
29 15
30 43
31 21
32 2
33 41
34 11
35 19
36 18
37 27
38 8
39 46
40 9
41 20
42 16
43 36
44 0
45 22
46 17
47 24
48 4
49 47
50 0
51 0
52 0
53 0
54 0
55 0
56 0
57 0
58 0
59 0
60 0
61 0
62 0
63 0
64 0
65 0
66 0
67 0
68 0
69 0
70 0
71 0
72 0
73 0
74 0
75 0
76 0
77 0
78 0
79 0
80 0
81 0
82 0
83 0
84 0
85 0
86 0
87 0
88 0
89 0
90 0
91 0
92 0
93 0
94 0
95 0
96 0
97 0
98 00 3
1 36
2 4
3 15
4 8
5 17
6 12
7 7
8 1
9 24
10 25
11 6
12 44
13 41
14 37
15 32
16 18
17 49
18 29
19 9
20 31
21 21
22 2
23 10
24 13
25 20
26 43
27 48
28 42
29 47
30 30
31 23
32 45
33 46
34 19
35 16
36 22
37 14
38 5
39 11
40 33
41 34
42 39
43 26
44 27
45 35
46 0
47 38
48 28
49 40
50 0
51 0
52 0
53 0
54 0
55 0
56 0
57 0
58 0
59 0
60 0
61 0
62 0
63 0
64 0
65 0
66 0
67 0
68 0
69 0
70 0
71 0
72 0
73 0
74 0
75 0
76 0
77 0
78 0
79 0
80 0
81 0
82 0
83 0
84 0
85 0
86 0
87 0
88 0
89 0
90 0
91 0
92 0
93 0
94 0
95 0
96 0
97 0
98 0