0 38
1 47
2 24
3 19
4 46
5 9
6 28
7 15
8 27
9 45
10 20
11 34
12 37
13 14
14 10
15 22
16 23
17 6
18 16
19 41
20 5
21 36
22 18
23 11
24 32
25 29
26 3
27 0
28 31
29 17
30 40
31 33
32 2
33 48
34 25
35 49
36 7
37 12
38 35
39 39
40 43
41 26
42 4
43 42
44 1
45 44
46 8
47 13
48 21
49 30
50 0
51 0
52 0
53 0
54 0
55 0
56 0
57 0
58 0
59 0
60 0
61 0
62 0
63 0
64 0
65 0
66 0
67 0
68 0
69 0
70 0
71 0
72 0
73 0
74 0
75 0
76 0
77 0
78 0
79 0
80 0
81 0
82 0
83 0
84 0
85 0
86 0
87 0
88 0
89 00 8
1 42
2 29
3 13
4 35
5 10
6 12
7 31
8 17
9 37
10 28
11 4
12 5
13 22
14 33
15 2
16 27
17 43
18 11
19 21
20 49
21 24
22 36
23 7
24 48
25 44
26 20
27 15
28 9
29 40
30 14
31 26
32 47
33 0
34 6
35 23
36 45
37 3
38 34
39 46
40 18
41 32
42 38
43 30
44 16
45 1
46 25
47 41
48 19
49 39
50 0
51 0
52 0
53 0
54 0
55 0
56 0
57 0
58 0
59 0
60 0
61 0
62 0
63 0
64 0
65 0
66 0
67 0
68 0
69 0
70 0
71 0
72 0
73 0
74 0
75 0
76 0
77 0
78 0
79 0
80 0
81 0
82 0
83 0
84 0
85 0
86 0
87 0
88 0
89 00 22
1 10
2 23
3 48
4 28
5 24
6 18
7 12
8 7
9 29
10 47
11 14
12 38
13 3
14 27
15 46
16 25
17 37
18 5
19 8
20 49
21 21
22 9
23 11
24 45
25 4
26 30
27 16
28 32
29 35
30 0
31 34
32 1
33 2
34 39
35 44
36 40
37 26
38 36
39 31
40 20
41 43
42 6
43 13
44 41
45 33
46 42
47 17
48 19
49 15