0 17
1 15
2 5
3 14
4 11
5 6
6 19
7 19
8 20
9 2
10 6
11 4
12 23
13 13
14 22
15 0
16 10
17 11
18 21
19 16
20 1
21 18
22 5
23 14
24 3
25 23
26 16
27 21
28 4
29 10
30 12
31 24
32 7
33 9
34 8
35 24
36 20
37 0
38 18
39 2
40 3
41 8
42 17
43 9
44 7
45 13
46 22
47 12
48 15
49 10 24
1 21
2 7
3 11
4 10
5 4
6 20
7 16
8 18
9 3
10 12
11 1
12 0
13 0
14 15
15 11
16 8
17 14
18 19
19 2
20 17
21 4
22 6
23 2
24 13
25 13
26 14
27 20
28 7
29 19
30 22
31 16
32 24
33 5
34 1
35 23
36 21
37 6
38 9
39 23
40 5
41 12
42 15
43 10
44 18
45 17
46 22
47 3
48 9
49 80 17
1 6
2 22
3 18
4 8
5 20
6 14
7 1
8 5
9 21
10 4
11 7
12 13
13 20
14 24
15 19
16 15
17 9
18 7
19 23
20 12
21 14
22 11
23 9
24 8
25 3
26 10
27 15
28 1
29 22
30 13
31 0
32 16
33 0
34 4
35 2
36 5
37 24
38 19
39 6
40 23
41 18
42 11
43 12
44 10
45 16
46 2
47 21
48 3
49 17