0 4
1 2
2 1
3 1
4 2
5 0
6 3
7 2
8 5
9 6
10 1
11 4
12 5
13 3
14 2
15 4
16 0
17 3
18 3
19 5
20 4
21 2
22 3
23 1
24 5
25 1
26 1
27 5
28 2
29 5
30 4
31 0
32 2
33 2
34 0
35 0
36 1
37 3
38 3
39 0
40 0
41 5
42 0
43 5
44 4
45 1
46 6
47 4
48 3
49 4
50 0
51 0
52 0
53 0
54 0
55 0
56 0
57 0
58 0
59 0
60 0
61 0
62 0
63 0
64 0
65 0
66 0
67 0
68 0
69 0
70 0
71 0
72 0
73 0
74 0
75 0
76 0
77 0
78 0
79 0
80 0
81 0
82 0
83 0
84 0
85 0
86 0
87 0
88 0
89 0
90 0
91 0
92 00 0
1 3
2 0
3 0
4 2
5 0
6 1
7 1
8 0
9 3
10 3
11 1
12 2
13 1
14 1
15 2
16 2
17 0
18 0
19 2
20 2
21 2
22 0
23 2
24 2
25 1
26 3
27 1
28 1
29 0
30 1
31 3
32 1
33 0
34 0
35 1
36 3
37 0
38 0
39 2
40 3
41 2
42 2
43 3
44 2
45 2
46 1
47 0
48 1
49 1
50 0
51 0
52 0
53 0
54 0
55 0
56 0
57 0
58 0
59 0
60 0
61 0
62 0
63 0
64 0
65 0
66 0
67 0
68 0
69 0
70 0
71 0
72 0
73 0
74 0
75 0
76 0
77 0
78 0
79 0
80 0
81 0
82 0
83 0
84 0
85 0
86 0
87 0
88 0
89 0
90 0
91 0
92 00 0
1 1
2 1
3 1
4 2
5 1
6 2
7 2
8 1
9 1
10 0
11 0
12 1
13 0
14 0
15 2
16 0
17 0
18 1
19 1
20 1
21 1
22 1
23 0
24 0
25 0
26 2
27 0
28 0
29 0
30 1
31 0
32 1
33 1
34 1
35 1
36 0
37 1
38 0
39 0
40 0
41 1
42 0
43 0
44 2
45 1
46 0
47 1
48 0
49 1