0 1
1 0
2 33
3 35
4 4
5 34
6 19
7 16
8 29
9 36
10 49
11 2
12 27
13 23
14 41
15 46
16 7
17 26
18 47
19 43
20 13
21 48
22 40
23 12
24 10
25 3
26 31
27 38
28 9
29 8
30 44
31 15
32 6
33 30
34 17
35 22
36 21
37 18
38 25
39 24
40 45
41 11
42 37
43 20
44 32
45 28
46 14
47 42
48 39
49 5
50 0
51 0
52 0
53 0
54 0
55 0
56 0
57 0
58 0
59 0
60 0
61 0
62 0
63 0
64 0
65 0
66 0
67 0
68 0
69 0
70 0
71 0
72 0
73 0
74 0
75 0
76 0
77 0
78 0
79 00 44
1 14
2 18
3 15
4 37
5 20
6 16
7 13
8 32
9 41
10 2
11 9
12 28
13 11
14 45
15 36
16 23
17 3
18 24
19 19
20 40
21 35
22 21
23 26
24 39
25 42
26 22
27 27
28 31
29 25
30 34
31 8
32 1
33 47
34 10
35 38
36 17
37 30
38 5
39 29
40 0
41 12
42 6
43 4
44 43
45 33
46 46
47 48
48 49
49 7
50 0
51 0
52 0
53 0
54 0
55 0
56 0
57 0
58 0
59 0
60 0
61 0
62 0
63 0
64 0
65 0
66 0
67 0
68 0
69 0
70 0
71 0
72 0
73 0
74 0
75 0
76 0
77 0
78 0
79 0